[0.014s] Invoking command in '/root/nav2_ws/src/ws_livox/build/livox_ros_driver2': CMAKE_PREFIX_PATH=${CMAKE_PREFIX_PATH}:/root/nav2_ws/install/sensor_launcher:/root/nav2_ws/install/nav2_simple_commander:/root/nav2_ws/install/nav2_odom_to_tf:/opt/ros/humble /usr/bin/cmake /root/nav2_ws/src/ws_livox/src/livox_ros_driver2 -DROS_EDITION=ROS2 -DHUMBLE_ROS=humble -DCMAKE_INSTALL_PREFIX=/root/nav2_ws/src/ws_livox/install/livox_ros_driver2
[0.081s] -- The C compiler identification is GNU 11.4.0
[0.141s] -- The CXX compiler identification is GNU 11.4.0
[0.149s] -- Detecting C compiler ABI info
[0.239s] -- Detecting C compiler ABI info - done
[0.247s] -- Check for working C compiler: /usr/bin/cc - skipped
[0.247s] -- Detecting C compile features
[0.247s] -- Detecting C compile features - done
[0.251s] -- Detecting CXX compiler ABI info
[0.347s] -- Detecting CXX compiler ABI info - done
[0.354s] -- Check for working CXX compiler: /usr/bin/c++ - skipped
[0.355s] -- Detecting CXX compile features
[0.355s] -- Detecting CXX compile features - done
[0.356s] -- livox_ros_driver2 version: 1.2.4
[0.362s] -- Found ament_cmake_auto: 1.3.12 (/opt/ros/humble/share/ament_cmake_auto/cmake)
[0.526s] -- Found Python3: /usr/bin/python3 (found version "3.10.12") found components: Interpreter 
[0.734s] -- Using all available rosidl_typesupport_c: rosidl_typesupport_fastrtps_c;rosidl_typesupport_introspection_c
[0.753s] -- Found rosidl_adapter: 3.1.7 (/opt/ros/humble/share/rosidl_adapter/cmake)
[0.835s] -- Using all available rosidl_typesupport_cpp: rosidl_typesupport_fastrtps_cpp;rosidl_typesupport_introspection_cpp
[1.000s] -- Found rmw_implementation_cmake: 6.1.2 (/opt/ros/humble/share/rmw_implementation_cmake/cmake)
[1.008s] -- Found rmw_fastrtps_cpp: 6.2.8 (/opt/ros/humble/share/rmw_fastrtps_cpp/cmake)
[1.160s] -- Found OpenSSL: /usr/lib/x86_64-linux-gnu/libcrypto.so (found version "3.0.2")  
[1.198s] -- Found FastRTPS: /opt/ros/humble/include  
[1.259s] -- Using RMW implementation 'rmw_fastrtps_cpp' as default
[1.282s] -- Looking for pthread.h
[1.372s] -- Looking for pthread.h - found
[1.372s] -- Performing Test CMAKE_HAVE_LIBC_PTHREAD
[1.466s] -- Performing Test CMAKE_HAVE_LIBC_PTHREAD - Success
[1.467s] -- Found Threads: TRUE  
[1.674s] -- Checking for module 'eigen3'
[1.692s] --   Found eigen3, version 3.4.0
[1.740s] -- Found Eigen: /usr/include/eigen3 (Required is at least version "3.1") 
[1.740s] -- Eigen found (include: /usr/include/eigen3, version: 3.4.0)
[1.808s] -- Checking for module 'flann'
[1.827s] --   Found flann, version 1.9.1
[1.890s] -- Found FLANN: /usr/lib/x86_64-linux-gnu/libflann_cpp.so  
[1.890s] -- FLANN found (include: /usr/include, lib: /usr/lib/x86_64-linux-gnu/libflann_cpp.so)
[2.985s] -- Checking for module 'libusb-1.0'
[3.005s] --   Found libusb-1.0, version 1.0.25
[3.056s] -- Found libusb: /usr/lib/x86_64-linux-gnu/libusb-1.0.so  
[3.057s] -- OpenNI found (version: 1.5.4.0, include: /usr/include/ni, lib: /usr/lib/libOpenNI.so;libusb::libusb)
[3.133s] -- OpenNI2 found (version: 2.2.0.33, include: /usr/include/openni2, lib: /usr/lib/x86_64-linux-gnu/libOpenNI2.so;libusb::libusb)
[3.276s] -- Eigen found (include: /usr/include/eigen3, version: 3.4.0)
[3.283s] -- OpenNI found (version: 1.5.4.0, include: /usr/include/ni, lib: /usr/lib/libOpenNI.so;libusb::libusb)
[3.291s] -- OpenNI2 found (version: 2.2.0.33, include: /usr/include/openni2, lib: /usr/lib/x86_64-linux-gnu/libOpenNI2.so;libusb::libusb)
[3.428s] -- Found Qhull version 8.0.2
[3.571s] -- OpenNI found (version: 1.5.4.0, include: /usr/include/ni, lib: /usr/lib/libOpenNI.so;libusb::libusb)
[3.705s] -- Found PCL_COMMON: /usr/lib/x86_64-linux-gnu/libpcl_common.so  
[3.706s] -- Found PCL_KDTREE: /usr/lib/x86_64-linux-gnu/libpcl_kdtree.so  
[3.707s] -- Found PCL_OCTREE: /usr/lib/x86_64-linux-gnu/libpcl_octree.so  
[3.707s] -- Found PCL_SEARCH: /usr/lib/x86_64-linux-gnu/libpcl_search.so  
[3.708s] -- Found PCL_SAMPLE_CONSENSUS: /usr/lib/x86_64-linux-gnu/libpcl_sample_consensus.so  
[3.709s] -- Found PCL_FILTERS: /usr/lib/x86_64-linux-gnu/libpcl_filters.so  
[3.709s] -- Found PCL_2D: /usr/include/pcl-1.12  
[3.710s] -- Found PCL_GEOMETRY: /usr/include/pcl-1.12  
[3.710s] -- Found PCL_IO: /usr/lib/x86_64-linux-gnu/libpcl_io.so  
[3.711s] -- Found PCL_FEATURES: /usr/lib/x86_64-linux-gnu/libpcl_features.so  
[3.712s] -- Found PCL_ML: /usr/lib/x86_64-linux-gnu/libpcl_ml.so  
[3.713s] -- Found PCL_SEGMENTATION: /usr/lib/x86_64-linux-gnu/libpcl_segmentation.so  
[3.714s] -- Found PCL_VISUALIZATION: /usr/lib/x86_64-linux-gnu/libpcl_visualization.so  
[3.714s] -- Found PCL_SURFACE: /usr/lib/x86_64-linux-gnu/libpcl_surface.so  
[3.715s] -- Found PCL_REGISTRATION: /usr/lib/x86_64-linux-gnu/libpcl_registration.so  
[3.716s] -- Found PCL_KEYPOINTS: /usr/lib/x86_64-linux-gnu/libpcl_keypoints.so  
[3.717s] -- Found PCL_TRACKING: /usr/lib/x86_64-linux-gnu/libpcl_tracking.so  
[3.717s] -- Found PCL_RECOGNITION: /usr/lib/x86_64-linux-gnu/libpcl_recognition.so  
[3.718s] -- Found PCL_STEREO: /usr/lib/x86_64-linux-gnu/libpcl_stereo.so  
[3.719s] -- Found PCL_APPS: /usr/lib/x86_64-linux-gnu/libpcl_apps.so  
[3.719s] -- Found PCL_IN_HAND_SCANNER: /usr/include/pcl-1.12  
[3.720s] -- Found PCL_MODELER: /usr/include/pcl-1.12  
[3.720s] -- Found PCL_POINT_CLOUD_EDITOR: /usr/include/pcl-1.12  
[3.721s] -- Found PCL_OUTOFCORE: /usr/lib/x86_64-linux-gnu/libpcl_outofcore.so  
[3.722s] -- Found PCL_PEOPLE: /usr/lib/x86_64-linux-gnu/libpcl_people.so  
[3.788s] -- Found PkgConfig: /usr/bin/pkg-config (found version "0.29.2") 
[3.789s] -- Checking for module 'apr-1'
[3.793s] --   No package 'apr-1' found
[3.987s] -- Found ament_cmake_ros: 0.10.0 (/opt/ros/humble/share/ament_cmake_ros/cmake)
[4.203s] -- Using all available rosidl_typesupport_c: rosidl_typesupport_fastrtps_c;rosidl_typesupport_introspection_c
[4.470s] -- Using all available rosidl_typesupport_cpp: rosidl_typesupport_fastrtps_cpp;rosidl_typesupport_introspection_cpp
[4.495s] -- Found PythonInterp: /usr/bin/python3 (found suitable version "3.10.12", minimum required is "3.6") 
[4.501s] -- Found python_cmake_module: 0.10.0 (/opt/ros/humble/share/python_cmake_module/cmake)
[4.527s] -- Found PythonLibs: /usr/lib/x86_64-linux-gnu/libpython3.10.so (found suitable version "3.10.12", minimum required is "3.5") 
[4.527s] -- Using PYTHON_EXECUTABLE: /usr/bin/python3
[4.527s] -- Using PYTHON_INCLUDE_DIRS: /usr/include/python3.10
[4.527s] -- Using PYTHON_LIBRARIES: /usr/lib/x86_64-linux-gnu/libpython3.10.so
[4.550s] -- Found PythonExtra: .so  
[4.657s] -- Found ament_lint_auto: 0.12.14 (/opt/ros/humble/share/ament_lint_auto/cmake)
[4.711s] -- Added test 'copyright' to check source files copyright and LICENSE
[4.717s] -- Added test 'cppcheck' to perform static code analysis on C / C++ code
[4.717s] -- Configured cppcheck include dirs: /root/nav2_ws/src/ws_livox/src/livox_ros_driver2/3rdparty;/root/nav2_ws/src/ws_livox/src/livox_ros_driver2/src
[4.718s] -- Configured cppcheck exclude dirs and/or files: 
[4.723s] -- Added test 'cpplint' to check C / C++ code against the Google style
[4.723s] -- Configured cpplint exclude dirs and/or files: 
[4.725s] -- Added test 'flake8' to check Python code syntax and style conventions
[4.727s] -- Added test 'lint_cmake' to check CMake code style
[4.729s] -- Added test 'pep257' to check Python code against some of the docstring style conventions in PEP 257
[4.734s] -- Added test 'uncrustify' to check C / C++ code style
[4.734s] -- Configured uncrustify additional arguments: 
[4.736s] -- Added test 'xmllint' to check XML markup files
[4.740s] -- Configuring done
[4.799s] -- Generating done
[4.817s] -- Build files have been written to: /root/nav2_ws/src/ws_livox/build/livox_ros_driver2
[4.835s] Invoked command in '/root/nav2_ws/src/ws_livox/build/livox_ros_driver2' returned '0': CMAKE_PREFIX_PATH=${CMAKE_PREFIX_PATH}:/root/nav2_ws/install/sensor_launcher:/root/nav2_ws/install/nav2_simple_commander:/root/nav2_ws/install/nav2_odom_to_tf:/opt/ros/humble /usr/bin/cmake /root/nav2_ws/src/ws_livox/src/livox_ros_driver2 -DROS_EDITION=ROS2 -DHUMBLE_ROS=humble -DCMAKE_INSTALL_PREFIX=/root/nav2_ws/src/ws_livox/install/livox_ros_driver2
[4.837s] Invoking command in '/root/nav2_ws/src/ws_livox/build/livox_ros_driver2': CMAKE_PREFIX_PATH=${CMAKE_PREFIX_PATH}:/root/nav2_ws/install/sensor_launcher:/root/nav2_ws/install/nav2_simple_commander:/root/nav2_ws/install/nav2_odom_to_tf:/opt/ros/humble /usr/bin/cmake --build /root/nav2_ws/src/ws_livox/build/livox_ros_driver2 -- -j8 -l8
[4.894s] [  1%] [34m[1mGenerating C code for ROS interfaces[0m
[4.909s] [  5%] [34m[1mGenerating C++ code for ROS interfaces[0m
[4.909s] [  5%] [32mBuilding CXX object CMakeFiles/livox_ros_driver2_node.dir/rclcpp_components/node_main_livox_ros_driver2_node.cpp.o[0m
[4.919s] [  5%] Built target ament_cmake_python_copy_livox_ros_driver2
[5.132s] running egg_info
[5.132s] creating livox_ros_driver2.egg-info
[5.133s] writing livox_ros_driver2.egg-info/PKG-INFO
[5.133s] writing dependency_links to livox_ros_driver2.egg-info/dependency_links.txt
[5.133s] writing top-level names to livox_ros_driver2.egg-info/top_level.txt
[5.133s] writing manifest file 'livox_ros_driver2.egg-info/SOURCES.txt'
[5.135s] reading manifest file 'livox_ros_driver2.egg-info/SOURCES.txt'
[5.135s] writing manifest file 'livox_ros_driver2.egg-info/SOURCES.txt'
[5.170s] [  5%] Built target ament_cmake_python_build_livox_ros_driver2_egg
[5.324s] [  5%] Built target livox_interfaces2__cpp
[5.328s] [  7%] [32mBuilding C object CMakeFiles/livox_interfaces2__rosidl_generator_c.dir/rosidl_generator_c/livox_ros_driver2/msg/detail/custom_msg__functions.c.o[0m
[5.328s] [  8%] [32mBuilding C object CMakeFiles/livox_interfaces2__rosidl_generator_c.dir/rosidl_generator_c/livox_ros_driver2/msg/detail/custom_point__functions.c.o[0m
[5.343s] [ 10%] [34m[1mGenerating C++ type support dispatch for ROS interfaces[0m
[5.347s] [ 14%] [34m[1mGenerating C++ type support for eProsima Fast-RTPS[0m
[5.347s] [ 14%] [34m[1mGenerating C++ introspection for ROS interfaces[0m
[5.402s] [ 15%] [32m[1mLinking C shared library liblivox_ros_driver2__rosidl_generator_c.so[0m
[5.451s] [ 15%] Built target livox_interfaces2__rosidl_generator_c
[5.471s] [ 17%] [34m[1mGenerating C introspection for ROS interfaces[0m
[5.471s] [ 19%] [34m[1mGenerating C type support for eProsima Fast-RTPS[0m
[5.472s] [ 21%] [34m[1mGenerating C type support dispatch for ROS interfaces[0m
[5.867s] [ 24%] [32mBuilding CXX object CMakeFiles/livox_interfaces2__rosidl_typesupport_c.dir/rosidl_typesupport_c/livox_ros_driver2/msg/custom_msg__type_support.cpp.o[0m
[5.868s] [ 24%] [32mBuilding CXX object CMakeFiles/livox_interfaces2__rosidl_typesupport_c.dir/rosidl_typesupport_c/livox_ros_driver2/msg/custom_point__type_support.cpp.o[0m
[5.922s] [ 26%] [32m[1mLinking CXX shared library liblivox_ros_driver2__rosidl_typesupport_c.so[0m
[5.995s] [ 28%] [32mBuilding CXX object CMakeFiles/livox_interfaces2__rosidl_typesupport_cpp.dir/rosidl_typesupport_cpp/livox_ros_driver2/msg/custom_point__type_support.cpp.o[0m
[5.996s] [ 28%] Built target livox_interfaces2__rosidl_typesupport_c
[6.001s] [ 29%] [32mBuilding CXX object CMakeFiles/livox_interfaces2__rosidl_typesupport_cpp.dir/rosidl_typesupport_cpp/livox_ros_driver2/msg/custom_msg__type_support.cpp.o[0m
[6.003s] [ 31%] [32mBuilding CXX object CMakeFiles/livox_interfaces2__rosidl_typesupport_fastrtps_cpp.dir/rosidl_typesupport_fastrtps_cpp/livox_ros_driver2/msg/detail/dds_fastrtps/custom_point__type_support.cpp.o[0m
[6.012s] [ 33%] [32mBuilding CXX object CMakeFiles/livox_interfaces2__rosidl_typesupport_fastrtps_cpp.dir/rosidl_typesupport_fastrtps_cpp/livox_ros_driver2/msg/detail/dds_fastrtps/custom_msg__type_support.cpp.o[0m
[6.035s] [ 35%] [32mBuilding CXX object CMakeFiles/livox_interfaces2__rosidl_typesupport_introspection_cpp.dir/rosidl_typesupport_introspection_cpp/livox_ros_driver2/msg/detail/custom_point__type_support.cpp.o[0m
[6.182s] [ 36%] [32mBuilding C object CMakeFiles/livox_interfaces2__rosidl_typesupport_introspection_c.dir/rosidl_typesupport_introspection_c/livox_ros_driver2/msg/detail/custom_point__type_support.c.o[0m
[6.209s] [ 38%] [32mBuilding CXX object CMakeFiles/livox_interfaces2__rosidl_typesupport_fastrtps_c.dir/rosidl_typesupport_fastrtps_c/livox_ros_driver2/msg/detail/custom_point__type_support_c.cpp.o[0m
[6.253s] [ 40%] [32mBuilding C object CMakeFiles/livox_interfaces2__rosidl_typesupport_introspection_c.dir/rosidl_typesupport_introspection_c/livox_ros_driver2/msg/detail/custom_msg__type_support.c.o[0m
[6.329s] [ 42%] [32m[1mLinking C shared library liblivox_ros_driver2__rosidl_typesupport_introspection_c.so[0m
[6.392s] [ 43%] [32m[1mLinking CXX shared library liblivox_ros_driver2__rosidl_typesupport_cpp.so[0m
[6.392s] [ 45%] [32mBuilding CXX object CMakeFiles/livox_interfaces2__rosidl_typesupport_introspection_cpp.dir/rosidl_typesupport_introspection_cpp/livox_ros_driver2/msg/detail/custom_msg__type_support.cpp.o[0m
[6.402s] [ 45%] Built target livox_interfaces2__rosidl_typesupport_introspection_c
[6.424s] [ 47%] [32mBuilding CXX object CMakeFiles/livox_interfaces2__rosidl_typesupport_fastrtps_c.dir/rosidl_typesupport_fastrtps_c/livox_ros_driver2/msg/detail/custom_msg__type_support_c.cpp.o[0m
[6.471s] [ 47%] Built target livox_interfaces2__rosidl_typesupport_cpp
[6.522s] [ 49%] [32mBuilding CXX object CMakeFiles/livox_ros_driver2.dir/src/livox_ros_driver2.cpp.o[0m
[6.582s] [ 50%] [32mBuilding CXX object CMakeFiles/livox_ros_driver2.dir/src/lddc.cpp.o[0m
[6.609s] [ 52%] [32mBuilding CXX object CMakeFiles/livox_ros_driver2.dir/src/driver_node.cpp.o[0m
[6.670s] [ 54%] [32m[1mLinking CXX shared library liblivox_ros_driver2__rosidl_typesupport_fastrtps_cpp.so[0m
[6.705s] [ 56%] [32mBuilding CXX object CMakeFiles/livox_ros_driver2.dir/src/lds.cpp.o[0m
[6.805s] [ 56%] Built target livox_interfaces2__rosidl_typesupport_fastrtps_cpp
[6.824s] [ 57%] [32mBuilding CXX object CMakeFiles/livox_ros_driver2.dir/src/lds_lidar.cpp.o[0m
[6.924s] [ 59%] [32m[1mLinking CXX shared library liblivox_ros_driver2__rosidl_typesupport_fastrtps_c.so[0m
[7.016s] [ 61%] [32m[1mLinking CXX shared library liblivox_ros_driver2__rosidl_typesupport_introspection_cpp.so[0m
[7.076s] [ 61%] Built target livox_interfaces2__rosidl_typesupport_fastrtps_c
[7.099s] [ 63%] [32mBuilding CXX object CMakeFiles/livox_ros_driver2.dir/src/comm/comm.cpp.o[0m
[7.171s] [ 63%] Built target livox_interfaces2__rosidl_typesupport_introspection_cpp
[7.190s] [ 64%] [32mBuilding CXX object CMakeFiles/livox_ros_driver2.dir/src/comm/ldq.cpp.o[0m
[7.811s] [ 66%] [32mBuilding CXX object CMakeFiles/livox_ros_driver2.dir/src/comm/semaphore.cpp.o[0m
[8.026s] [ 66%] Built target livox_interfaces2
[8.046s] [ 68%] [32mBuilding CXX object CMakeFiles/livox_ros_driver2.dir/src/comm/lidar_imu_data_queue.cpp.o[0m
[8.130s] [ 70%] [32mBuilding CXX object CMakeFiles/livox_ros_driver2.dir/src/comm/cache_index.cpp.o[0m
[8.180s] [ 71%] [32mBuilding CXX object CMakeFiles/livox_ros_driver2.dir/src/comm/pub_handler.cpp.o[0m
[8.356s] [ 73%] [34m[1mGenerating Python code for ROS interfaces[0m
[8.563s] [ 75%] [32mBuilding CXX object CMakeFiles/livox_ros_driver2.dir/src/parse_cfg_file/parse_cfg_file.cpp.o[0m
[9.146s] [ 77%] [32mBuilding CXX object CMakeFiles/livox_ros_driver2.dir/src/parse_cfg_file/parse_livox_lidar_cfg.cpp.o[0m
[9.270s] [ 78%] [32m[1mLinking CXX executable livox_ros_driver2_node[0m
[9.515s] [ 78%] Built target livox_ros_driver2_node
[9.538s] [ 80%] [32mBuilding CXX object CMakeFiles/livox_ros_driver2.dir/src/call_back/lidar_common_callback.cpp.o[0m
[9.675s] [ 80%] Built target livox_interfaces2__py
[9.697s] [ 82%] [32mBuilding CXX object CMakeFiles/livox_ros_driver2.dir/src/call_back/livox_lidar_callback.cpp.o[0m
[9.899s] [ 84%] [32mBuilding C object CMakeFiles/livox_interfaces2__rosidl_generator_py.dir/rosidl_generator_py/livox_ros_driver2/msg/_custom_point_s.c.o[0m
[10.082s] [ 85%] [32mBuilding C object CMakeFiles/livox_interfaces2__rosidl_generator_py.dir/rosidl_generator_py/livox_ros_driver2/msg/_custom_msg_s.c.o[0m
[10.275s] [ 87%] [32m[1mLinking C shared library rosidl_generator_py/livox_ros_driver2/liblivox_interfaces2__rosidl_generator_py.so[0m
[10.356s] [ 87%] Built target livox_interfaces2__rosidl_generator_py
[10.414s] [ 89%] [32mBuilding C object CMakeFiles/livox_ros_driver2__rosidl_typesupport_fastrtps_c__pyext.dir/rosidl_generator_py/livox_ros_driver2/_livox_ros_driver2_s.ep.rosidl_typesupport_fastrtps_c.c.o[0m
[10.422s] [ 91%] [32mBuilding C object CMakeFiles/livox_ros_driver2__rosidl_typesupport_introspection_c__pyext.dir/rosidl_generator_py/livox_ros_driver2/_livox_ros_driver2_s.ep.rosidl_typesupport_introspection_c.c.o[0m
[10.508s] [ 92%] [32mBuilding C object CMakeFiles/livox_ros_driver2__rosidl_typesupport_c__pyext.dir/rosidl_generator_py/livox_ros_driver2/_livox_ros_driver2_s.ep.rosidl_typesupport_c.c.o[0m
[10.585s] [ 94%] [32m[1mLinking C shared library rosidl_generator_py/livox_ros_driver2/livox_ros_driver2_s__rosidl_typesupport_fastrtps_c.cpython-310-x86_64-linux-gnu.so[0m
[10.588s] [ 96%] [32m[1mLinking C shared library rosidl_generator_py/livox_ros_driver2/livox_ros_driver2_s__rosidl_typesupport_introspection_c.cpython-310-x86_64-linux-gnu.so[0m
[10.647s] [ 96%] Built target livox_ros_driver2__rosidl_typesupport_fastrtps_c__pyext
[10.658s] [ 96%] Built target livox_ros_driver2__rosidl_typesupport_introspection_c__pyext
[10.674s] [ 98%] [32m[1mLinking C shared library rosidl_generator_py/livox_ros_driver2/livox_ros_driver2_s__rosidl_typesupport_c.cpython-310-x86_64-linux-gnu.so[0m
[10.747s] [ 98%] Built target livox_ros_driver2__rosidl_typesupport_c__pyext
[15.237s] [100%] [32m[1mLinking CXX shared library liblivox_ros_driver2.so[0m
[15.867s] [100%] Built target livox_ros_driver2
[15.884s] Invoked command in '/root/nav2_ws/src/ws_livox/build/livox_ros_driver2' returned '0': CMAKE_PREFIX_PATH=${CMAKE_PREFIX_PATH}:/root/nav2_ws/install/sensor_launcher:/root/nav2_ws/install/nav2_simple_commander:/root/nav2_ws/install/nav2_odom_to_tf:/opt/ros/humble /usr/bin/cmake --build /root/nav2_ws/src/ws_livox/build/livox_ros_driver2 -- -j8 -l8
[15.896s] Invoking command in '/root/nav2_ws/src/ws_livox/build/livox_ros_driver2': CMAKE_PREFIX_PATH=${CMAKE_PREFIX_PATH}:/root/nav2_ws/install/sensor_launcher:/root/nav2_ws/install/nav2_simple_commander:/root/nav2_ws/install/nav2_odom_to_tf:/opt/ros/humble /usr/bin/cmake --install /root/nav2_ws/src/ws_livox/build/livox_ros_driver2
[15.906s] -- Install configuration: ""
[15.906s] -- Installing: /root/nav2_ws/src/ws_livox/install/livox_ros_driver2/share/ament_index/resource_index/rosidl_interfaces/livox_ros_driver2
[15.906s] -- Installing: /root/nav2_ws/src/ws_livox/install/livox_ros_driver2/include/livox_ros_driver2/livox_ros_driver2
[15.906s] -- Installing: /root/nav2_ws/src/ws_livox/install/livox_ros_driver2/include/livox_ros_driver2/livox_ros_driver2/msg
[15.907s] -- Installing: /root/nav2_ws/src/ws_livox/install/livox_ros_driver2/include/livox_ros_driver2/livox_ros_driver2/msg/custom_point.h
[15.907s] -- Installing: /root/nav2_ws/src/ws_livox/install/livox_ros_driver2/include/livox_ros_driver2/livox_ros_driver2/msg/rosidl_generator_c__visibility_control.h
[15.907s] -- Installing: /root/nav2_ws/src/ws_livox/install/livox_ros_driver2/include/livox_ros_driver2/livox_ros_driver2/msg/detail
[15.907s] -- Installing: /root/nav2_ws/src/ws_livox/install/livox_ros_driver2/include/livox_ros_driver2/livox_ros_driver2/msg/detail/custom_point__struct.h
[15.907s] -- Installing: /root/nav2_ws/src/ws_livox/install/livox_ros_driver2/include/livox_ros_driver2/livox_ros_driver2/msg/detail/custom_msg__struct.h
[15.907s] -- Installing: /root/nav2_ws/src/ws_livox/install/livox_ros_driver2/include/livox_ros_driver2/livox_ros_driver2/msg/detail/custom_point__functions.h
[15.907s] -- Installing: /root/nav2_ws/src/ws_livox/install/livox_ros_driver2/include/livox_ros_driver2/livox_ros_driver2/msg/detail/custom_msg__functions.h
[15.907s] -- Installing: /root/nav2_ws/src/ws_livox/install/livox_ros_driver2/include/livox_ros_driver2/livox_ros_driver2/msg/detail/custom_point__type_support.h
[15.907s] -- Installing: /root/nav2_ws/src/ws_livox/install/livox_ros_driver2/include/livox_ros_driver2/livox_ros_driver2/msg/detail/custom_msg__type_support.h
[15.907s] -- Installing: /root/nav2_ws/src/ws_livox/install/livox_ros_driver2/include/livox_ros_driver2/livox_ros_driver2/msg/detail/custom_msg__functions.c
[15.907s] -- Installing: /root/nav2_ws/src/ws_livox/install/livox_ros_driver2/include/livox_ros_driver2/livox_ros_driver2/msg/detail/custom_point__functions.c
[15.907s] -- Installing: /root/nav2_ws/src/ws_livox/install/livox_ros_driver2/include/livox_ros_driver2/livox_ros_driver2/msg/custom_msg.h
[15.907s] -- Installing: /root/nav2_ws/src/ws_livox/install/livox_ros_driver2/share/livox_ros_driver2/environment/library_path.sh
[15.908s] -- Installing: /root/nav2_ws/src/ws_livox/install/livox_ros_driver2/share/livox_ros_driver2/environment/library_path.dsv
[15.908s] -- Installing: /root/nav2_ws/src/ws_livox/install/livox_ros_driver2/lib/liblivox_ros_driver2__rosidl_generator_c.so
[15.908s] -- Set runtime path of "/root/nav2_ws/src/ws_livox/install/livox_ros_driver2/lib/liblivox_ros_driver2__rosidl_generator_c.so" to ""
[15.908s] -- Up-to-date: /root/nav2_ws/src/ws_livox/install/livox_ros_driver2/include/livox_ros_driver2/livox_ros_driver2
[15.908s] -- Up-to-date: /root/nav2_ws/src/ws_livox/install/livox_ros_driver2/include/livox_ros_driver2/livox_ros_driver2/msg
[15.908s] -- Up-to-date: /root/nav2_ws/src/ws_livox/install/livox_ros_driver2/include/livox_ros_driver2/livox_ros_driver2/msg/detail
[15.908s] -- Installing: /root/nav2_ws/src/ws_livox/install/livox_ros_driver2/include/livox_ros_driver2/livox_ros_driver2/msg/detail/custom_point__rosidl_typesupport_fastrtps_c.h
[15.908s] -- Installing: /root/nav2_ws/src/ws_livox/install/livox_ros_driver2/include/livox_ros_driver2/livox_ros_driver2/msg/detail/custom_msg__rosidl_typesupport_fastrtps_c.h
[15.908s] -- Installing: /root/nav2_ws/src/ws_livox/install/livox_ros_driver2/include/livox_ros_driver2/livox_ros_driver2/msg/rosidl_typesupport_fastrtps_c__visibility_control.h
[15.908s] -- Installing: /root/nav2_ws/src/ws_livox/install/livox_ros_driver2/lib/liblivox_ros_driver2__rosidl_typesupport_fastrtps_c.so
[15.908s] -- Set runtime path of "/root/nav2_ws/src/ws_livox/install/livox_ros_driver2/lib/liblivox_ros_driver2__rosidl_typesupport_fastrtps_c.so" to ""
[15.908s] -- Up-to-date: /root/nav2_ws/src/ws_livox/install/livox_ros_driver2/include/livox_ros_driver2/livox_ros_driver2
[15.909s] -- Up-to-date: /root/nav2_ws/src/ws_livox/install/livox_ros_driver2/include/livox_ros_driver2/livox_ros_driver2/msg
[15.909s] -- Up-to-date: /root/nav2_ws/src/ws_livox/install/livox_ros_driver2/include/livox_ros_driver2/livox_ros_driver2/msg/detail
[15.909s] -- Installing: /root/nav2_ws/src/ws_livox/install/livox_ros_driver2/include/livox_ros_driver2/livox_ros_driver2/msg/detail/custom_msg__rosidl_typesupport_introspection_c.h
[15.909s] -- Installing: /root/nav2_ws/src/ws_livox/install/livox_ros_driver2/include/livox_ros_driver2/livox_ros_driver2/msg/detail/custom_msg__type_support.c
[15.909s] -- Installing: /root/nav2_ws/src/ws_livox/install/livox_ros_driver2/include/livox_ros_driver2/livox_ros_driver2/msg/detail/custom_point__rosidl_typesupport_introspection_c.h
[15.909s] -- Installing: /root/nav2_ws/src/ws_livox/install/livox_ros_driver2/include/livox_ros_driver2/livox_ros_driver2/msg/detail/custom_point__type_support.c
[15.909s] -- Installing: /root/nav2_ws/src/ws_livox/install/livox_ros_driver2/include/livox_ros_driver2/livox_ros_driver2/msg/rosidl_typesupport_introspection_c__visibility_control.h
[15.909s] -- Installing: /root/nav2_ws/src/ws_livox/install/livox_ros_driver2/lib/liblivox_ros_driver2__rosidl_typesupport_introspection_c.so
[15.909s] -- Set runtime path of "/root/nav2_ws/src/ws_livox/install/livox_ros_driver2/lib/liblivox_ros_driver2__rosidl_typesupport_introspection_c.so" to ""
[15.909s] -- Installing: /root/nav2_ws/src/ws_livox/install/livox_ros_driver2/lib/liblivox_ros_driver2__rosidl_typesupport_c.so
[15.909s] -- Set runtime path of "/root/nav2_ws/src/ws_livox/install/livox_ros_driver2/lib/liblivox_ros_driver2__rosidl_typesupport_c.so" to ""
[15.910s] -- Up-to-date: /root/nav2_ws/src/ws_livox/install/livox_ros_driver2/include/livox_ros_driver2/livox_ros_driver2
[15.910s] -- Up-to-date: /root/nav2_ws/src/ws_livox/install/livox_ros_driver2/include/livox_ros_driver2/livox_ros_driver2/msg
[15.910s] -- Installing: /root/nav2_ws/src/ws_livox/install/livox_ros_driver2/include/livox_ros_driver2/livox_ros_driver2/msg/custom_msg.hpp
[15.910s] -- Installing: /root/nav2_ws/src/ws_livox/install/livox_ros_driver2/include/livox_ros_driver2/livox_ros_driver2/msg/custom_point.hpp
[15.910s] -- Installing: /root/nav2_ws/src/ws_livox/install/livox_ros_driver2/include/livox_ros_driver2/livox_ros_driver2/msg/rosidl_generator_cpp__visibility_control.hpp
[15.910s] -- Up-to-date: /root/nav2_ws/src/ws_livox/install/livox_ros_driver2/include/livox_ros_driver2/livox_ros_driver2/msg/detail
[15.910s] -- Installing: /root/nav2_ws/src/ws_livox/install/livox_ros_driver2/include/livox_ros_driver2/livox_ros_driver2/msg/detail/custom_msg__struct.hpp
[15.910s] -- Installing: /root/nav2_ws/src/ws_livox/install/livox_ros_driver2/include/livox_ros_driver2/livox_ros_driver2/msg/detail/custom_point__struct.hpp
[15.910s] -- Installing: /root/nav2_ws/src/ws_livox/install/livox_ros_driver2/include/livox_ros_driver2/livox_ros_driver2/msg/detail/custom_msg__builder.hpp
[15.910s] -- Installing: /root/nav2_ws/src/ws_livox/install/livox_ros_driver2/include/livox_ros_driver2/livox_ros_driver2/msg/detail/custom_point__traits.hpp
[15.910s] -- Installing: /root/nav2_ws/src/ws_livox/install/livox_ros_driver2/include/livox_ros_driver2/livox_ros_driver2/msg/detail/custom_point__type_support.hpp
[15.910s] -- Installing: /root/nav2_ws/src/ws_livox/install/livox_ros_driver2/include/livox_ros_driver2/livox_ros_driver2/msg/detail/custom_point__builder.hpp
[15.911s] -- Installing: /root/nav2_ws/src/ws_livox/install/livox_ros_driver2/include/livox_ros_driver2/livox_ros_driver2/msg/detail/custom_msg__type_support.hpp
[15.911s] -- Installing: /root/nav2_ws/src/ws_livox/install/livox_ros_driver2/include/livox_ros_driver2/livox_ros_driver2/msg/detail/custom_msg__traits.hpp
[15.911s] -- Up-to-date: /root/nav2_ws/src/ws_livox/install/livox_ros_driver2/include/livox_ros_driver2/livox_ros_driver2
[15.911s] -- Up-to-date: /root/nav2_ws/src/ws_livox/install/livox_ros_driver2/include/livox_ros_driver2/livox_ros_driver2/msg
[15.911s] -- Up-to-date: /root/nav2_ws/src/ws_livox/install/livox_ros_driver2/include/livox_ros_driver2/livox_ros_driver2/msg/detail
[15.911s] -- Installing: /root/nav2_ws/src/ws_livox/install/livox_ros_driver2/include/livox_ros_driver2/livox_ros_driver2/msg/detail/custom_point__rosidl_typesupport_fastrtps_cpp.hpp
[15.911s] -- Installing: /root/nav2_ws/src/ws_livox/install/livox_ros_driver2/include/livox_ros_driver2/livox_ros_driver2/msg/detail/dds_fastrtps
[15.911s] -- Installing: /root/nav2_ws/src/ws_livox/install/livox_ros_driver2/include/livox_ros_driver2/livox_ros_driver2/msg/detail/custom_msg__rosidl_typesupport_fastrtps_cpp.hpp
[15.911s] -- Installing: /root/nav2_ws/src/ws_livox/install/livox_ros_driver2/include/livox_ros_driver2/livox_ros_driver2/msg/rosidl_typesupport_fastrtps_cpp__visibility_control.h
[15.911s] -- Installing: /root/nav2_ws/src/ws_livox/install/livox_ros_driver2/lib/liblivox_ros_driver2__rosidl_typesupport_fastrtps_cpp.so
[15.911s] -- Set runtime path of "/root/nav2_ws/src/ws_livox/install/livox_ros_driver2/lib/liblivox_ros_driver2__rosidl_typesupport_fastrtps_cpp.so" to ""
[15.911s] -- Up-to-date: /root/nav2_ws/src/ws_livox/install/livox_ros_driver2/include/livox_ros_driver2/livox_ros_driver2
[15.912s] -- Up-to-date: /root/nav2_ws/src/ws_livox/install/livox_ros_driver2/include/livox_ros_driver2/livox_ros_driver2/msg
[15.912s] -- Up-to-date: /root/nav2_ws/src/ws_livox/install/livox_ros_driver2/include/livox_ros_driver2/livox_ros_driver2/msg/detail
[15.912s] -- Installing: /root/nav2_ws/src/ws_livox/install/livox_ros_driver2/include/livox_ros_driver2/livox_ros_driver2/msg/detail/custom_point__rosidl_typesupport_introspection_cpp.hpp
[15.912s] -- Installing: /root/nav2_ws/src/ws_livox/install/livox_ros_driver2/include/livox_ros_driver2/livox_ros_driver2/msg/detail/custom_msg__type_support.cpp
[15.912s] -- Installing: /root/nav2_ws/src/ws_livox/install/livox_ros_driver2/include/livox_ros_driver2/livox_ros_driver2/msg/detail/custom_point__type_support.cpp
[15.912s] -- Installing: /root/nav2_ws/src/ws_livox/install/livox_ros_driver2/include/livox_ros_driver2/livox_ros_driver2/msg/detail/custom_msg__rosidl_typesupport_introspection_cpp.hpp
[15.912s] -- Installing: /root/nav2_ws/src/ws_livox/install/livox_ros_driver2/lib/liblivox_ros_driver2__rosidl_typesupport_introspection_cpp.so
[15.912s] -- Set runtime path of "/root/nav2_ws/src/ws_livox/install/livox_ros_driver2/lib/liblivox_ros_driver2__rosidl_typesupport_introspection_cpp.so" to ""
[15.912s] -- Installing: /root/nav2_ws/src/ws_livox/install/livox_ros_driver2/lib/liblivox_ros_driver2__rosidl_typesupport_cpp.so
[15.912s] -- Set runtime path of "/root/nav2_ws/src/ws_livox/install/livox_ros_driver2/lib/liblivox_ros_driver2__rosidl_typesupport_cpp.so" to ""
[15.912s] -- Installing: /root/nav2_ws/src/ws_livox/install/livox_ros_driver2/share/livox_ros_driver2/environment/pythonpath.sh
[15.912s] -- Installing: /root/nav2_ws/src/ws_livox/install/livox_ros_driver2/share/livox_ros_driver2/environment/pythonpath.dsv
[15.912s] -- Installing: /root/nav2_ws/src/ws_livox/install/livox_ros_driver2/local/lib/python3.10/dist-packages/livox_ros_driver2-1.0.0-py3.10.egg-info
[15.913s] -- Installing: /root/nav2_ws/src/ws_livox/install/livox_ros_driver2/local/lib/python3.10/dist-packages/livox_ros_driver2-1.0.0-py3.10.egg-info/dependency_links.txt
[15.913s] -- Installing: /root/nav2_ws/src/ws_livox/install/livox_ros_driver2/local/lib/python3.10/dist-packages/livox_ros_driver2-1.0.0-py3.10.egg-info/top_level.txt
[15.913s] -- Installing: /root/nav2_ws/src/ws_livox/install/livox_ros_driver2/local/lib/python3.10/dist-packages/livox_ros_driver2-1.0.0-py3.10.egg-info/PKG-INFO
[15.913s] -- Installing: /root/nav2_ws/src/ws_livox/install/livox_ros_driver2/local/lib/python3.10/dist-packages/livox_ros_driver2-1.0.0-py3.10.egg-info/SOURCES.txt
[15.913s] -- Installing: /root/nav2_ws/src/ws_livox/install/livox_ros_driver2/local/lib/python3.10/dist-packages/livox_ros_driver2
[15.913s] -- Installing: /root/nav2_ws/src/ws_livox/install/livox_ros_driver2/local/lib/python3.10/dist-packages/livox_ros_driver2/livox_ros_driver2_s__rosidl_typesupport_introspection_c.cpython-310-x86_64-linux-gnu.so
[15.913s] -- Installing: /root/nav2_ws/src/ws_livox/install/livox_ros_driver2/local/lib/python3.10/dist-packages/livox_ros_driver2/liblivox_interfaces2__rosidl_generator_py.so
[15.913s] -- Installing: /root/nav2_ws/src/ws_livox/install/livox_ros_driver2/local/lib/python3.10/dist-packages/livox_ros_driver2/msg
[15.913s] -- Installing: /root/nav2_ws/src/ws_livox/install/livox_ros_driver2/local/lib/python3.10/dist-packages/livox_ros_driver2/msg/__init__.py
[15.913s] -- Installing: /root/nav2_ws/src/ws_livox/install/livox_ros_driver2/local/lib/python3.10/dist-packages/livox_ros_driver2/msg/_custom_point_s.c
[15.913s] -- Installing: /root/nav2_ws/src/ws_livox/install/livox_ros_driver2/local/lib/python3.10/dist-packages/livox_ros_driver2/msg/_custom_point.py
[15.913s] -- Installing: /root/nav2_ws/src/ws_livox/install/livox_ros_driver2/local/lib/python3.10/dist-packages/livox_ros_driver2/msg/_custom_msg.py
[15.914s] -- Installing: /root/nav2_ws/src/ws_livox/install/livox_ros_driver2/local/lib/python3.10/dist-packages/livox_ros_driver2/msg/_custom_msg_s.c
[15.914s] -- Installing: /root/nav2_ws/src/ws_livox/install/livox_ros_driver2/local/lib/python3.10/dist-packages/livox_ros_driver2/livox_ros_driver2_s__rosidl_typesupport_c.cpython-310-x86_64-linux-gnu.so
[15.914s] -- Installing: /root/nav2_ws/src/ws_livox/install/livox_ros_driver2/local/lib/python3.10/dist-packages/livox_ros_driver2/__init__.py
[15.914s] -- Installing: /root/nav2_ws/src/ws_livox/install/livox_ros_driver2/local/lib/python3.10/dist-packages/livox_ros_driver2/_livox_ros_driver2_s.ep.rosidl_typesupport_introspection_c.c
[15.914s] -- Installing: /root/nav2_ws/src/ws_livox/install/livox_ros_driver2/local/lib/python3.10/dist-packages/livox_ros_driver2/_livox_ros_driver2_s.ep.rosidl_typesupport_c.c
[15.914s] -- Installing: /root/nav2_ws/src/ws_livox/install/livox_ros_driver2/local/lib/python3.10/dist-packages/livox_ros_driver2/livox_ros_driver2_s__rosidl_typesupport_fastrtps_c.cpython-310-x86_64-linux-gnu.so
[15.914s] -- Installing: /root/nav2_ws/src/ws_livox/install/livox_ros_driver2/local/lib/python3.10/dist-packages/livox_ros_driver2/_livox_ros_driver2_s.ep.rosidl_typesupport_fastrtps_c.c
[15.947s] Listing '/root/nav2_ws/src/ws_livox/install/livox_ros_driver2/local/lib/python3.10/dist-packages/livox_ros_driver2'...
[15.947s] Compiling '/root/nav2_ws/src/ws_livox/install/livox_ros_driver2/local/lib/python3.10/dist-packages/livox_ros_driver2/__init__.py'...
[15.947s] Listing '/root/nav2_ws/src/ws_livox/install/livox_ros_driver2/local/lib/python3.10/dist-packages/livox_ros_driver2/msg'...
[15.947s] Compiling '/root/nav2_ws/src/ws_livox/install/livox_ros_driver2/local/lib/python3.10/dist-packages/livox_ros_driver2/msg/__init__.py'...
[15.947s] Compiling '/root/nav2_ws/src/ws_livox/install/livox_ros_driver2/local/lib/python3.10/dist-packages/livox_ros_driver2/msg/_custom_msg.py'...
[15.947s] Compiling '/root/nav2_ws/src/ws_livox/install/livox_ros_driver2/local/lib/python3.10/dist-packages/livox_ros_driver2/msg/_custom_point.py'...
[15.951s] -- Installing: /root/nav2_ws/src/ws_livox/install/livox_ros_driver2/local/lib/python3.10/dist-packages/livox_ros_driver2/livox_ros_driver2_s__rosidl_typesupport_fastrtps_c.cpython-310-x86_64-linux-gnu.so
[15.951s] -- Set runtime path of "/root/nav2_ws/src/ws_livox/install/livox_ros_driver2/local/lib/python3.10/dist-packages/livox_ros_driver2/livox_ros_driver2_s__rosidl_typesupport_fastrtps_c.cpython-310-x86_64-linux-gnu.so" to ""
[15.951s] -- Installing: /root/nav2_ws/src/ws_livox/install/livox_ros_driver2/local/lib/python3.10/dist-packages/livox_ros_driver2/livox_ros_driver2_s__rosidl_typesupport_introspection_c.cpython-310-x86_64-linux-gnu.so
[15.952s] -- Set runtime path of "/root/nav2_ws/src/ws_livox/install/livox_ros_driver2/local/lib/python3.10/dist-packages/livox_ros_driver2/livox_ros_driver2_s__rosidl_typesupport_introspection_c.cpython-310-x86_64-linux-gnu.so" to ""
[15.952s] -- Installing: /root/nav2_ws/src/ws_livox/install/livox_ros_driver2/local/lib/python3.10/dist-packages/livox_ros_driver2/livox_ros_driver2_s__rosidl_typesupport_c.cpython-310-x86_64-linux-gnu.so
[15.952s] -- Set runtime path of "/root/nav2_ws/src/ws_livox/install/livox_ros_driver2/local/lib/python3.10/dist-packages/livox_ros_driver2/livox_ros_driver2_s__rosidl_typesupport_c.cpython-310-x86_64-linux-gnu.so" to ""
[15.952s] -- Installing: /root/nav2_ws/src/ws_livox/install/livox_ros_driver2/lib/liblivox_interfaces2__rosidl_generator_py.so
[15.952s] -- Set runtime path of "/root/nav2_ws/src/ws_livox/install/livox_ros_driver2/lib/liblivox_interfaces2__rosidl_generator_py.so" to ""
[15.952s] -- Installing: /root/nav2_ws/src/ws_livox/install/livox_ros_driver2/share/livox_ros_driver2/msg/CustomPoint.idl
[15.953s] -- Installing: /root/nav2_ws/src/ws_livox/install/livox_ros_driver2/share/livox_ros_driver2/msg/CustomMsg.idl
[15.953s] -- Installing: /root/nav2_ws/src/ws_livox/install/livox_ros_driver2/share/livox_ros_driver2/msg/CustomPoint.msg
[15.953s] -- Installing: /root/nav2_ws/src/ws_livox/install/livox_ros_driver2/share/livox_ros_driver2/msg/CustomMsg.msg
[15.953s] -- Installing: /root/nav2_ws/src/ws_livox/install/livox_ros_driver2/lib/livox_ros_driver2/livox_ros_driver2_node
[15.953s] -- Set runtime path of "/root/nav2_ws/src/ws_livox/install/livox_ros_driver2/lib/livox_ros_driver2/livox_ros_driver2_node" to ""
[15.953s] -- Installing: /root/nav2_ws/src/ws_livox/install/livox_ros_driver2/lib/liblivox_ros_driver2.so
[15.956s] -- Set runtime path of "/root/nav2_ws/src/ws_livox/install/livox_ros_driver2/lib/liblivox_ros_driver2.so" to ""
[15.956s] -- Installing: /root/nav2_ws/src/ws_livox/install/livox_ros_driver2/share/livox_ros_driver2/config
[15.956s] -- Installing: /root/nav2_ws/src/ws_livox/install/livox_ros_driver2/share/livox_ros_driver2/config/display_point_cloud_ROS1.rviz
[15.956s] -- Installing: /root/nav2_ws/src/ws_livox/install/livox_ros_driver2/share/livox_ros_driver2/config/display_point_cloud_ROS2.rviz
[15.956s] -- Installing: /root/nav2_ws/src/ws_livox/install/livox_ros_driver2/share/livox_ros_driver2/config/MID360_config.json
[15.957s] -- Installing: /root/nav2_ws/src/ws_livox/install/livox_ros_driver2/share/livox_ros_driver2/config/mixed_HAP_MID360_config.json
[15.957s] -- Installing: /root/nav2_ws/src/ws_livox/install/livox_ros_driver2/share/livox_ros_driver2/config/HAP_config.json
[15.957s] -- Installing: /root/nav2_ws/src/ws_livox/install/livox_ros_driver2/share/livox_ros_driver2/launch_ROS2
[15.957s] -- Installing: /root/nav2_ws/src/ws_livox/install/livox_ros_driver2/share/livox_ros_driver2/launch_ROS2/rviz_MID360_launch.py
[15.957s] -- Installing: /root/nav2_ws/src/ws_livox/install/livox_ros_driver2/share/livox_ros_driver2/launch_ROS2/rviz_mixed.py
[15.957s] -- Installing: /root/nav2_ws/src/ws_livox/install/livox_ros_driver2/share/livox_ros_driver2/launch_ROS2/rviz_HAP_launch.py
[15.957s] -- Installing: /root/nav2_ws/src/ws_livox/install/livox_ros_driver2/share/livox_ros_driver2/launch_ROS2/msg_MID360_launch.py
[15.957s] -- Installing: /root/nav2_ws/src/ws_livox/install/livox_ros_driver2/share/livox_ros_driver2/launch_ROS2/msg_HAP_launch.py
[15.957s] -- Installing: /root/nav2_ws/src/ws_livox/install/livox_ros_driver2/share/ament_index/resource_index/package_run_dependencies/livox_ros_driver2
[15.957s] -- Installing: /root/nav2_ws/src/ws_livox/install/livox_ros_driver2/share/ament_index/resource_index/parent_prefix_path/livox_ros_driver2
[15.957s] -- Installing: /root/nav2_ws/src/ws_livox/install/livox_ros_driver2/share/livox_ros_driver2/environment/ament_prefix_path.sh
[15.958s] -- Installing: /root/nav2_ws/src/ws_livox/install/livox_ros_driver2/share/livox_ros_driver2/environment/ament_prefix_path.dsv
[15.958s] -- Installing: /root/nav2_ws/src/ws_livox/install/livox_ros_driver2/share/livox_ros_driver2/environment/path.sh
[15.958s] -- Installing: /root/nav2_ws/src/ws_livox/install/livox_ros_driver2/share/livox_ros_driver2/environment/path.dsv
[15.958s] -- Installing: /root/nav2_ws/src/ws_livox/install/livox_ros_driver2/share/livox_ros_driver2/local_setup.bash
[15.958s] -- Installing: /root/nav2_ws/src/ws_livox/install/livox_ros_driver2/share/livox_ros_driver2/local_setup.sh
[15.958s] -- Installing: /root/nav2_ws/src/ws_livox/install/livox_ros_driver2/share/livox_ros_driver2/local_setup.zsh
[15.958s] -- Installing: /root/nav2_ws/src/ws_livox/install/livox_ros_driver2/share/livox_ros_driver2/local_setup.dsv
[15.958s] -- Installing: /root/nav2_ws/src/ws_livox/install/livox_ros_driver2/share/livox_ros_driver2/package.dsv
[15.958s] -- Installing: /root/nav2_ws/src/ws_livox/install/livox_ros_driver2/share/ament_index/resource_index/packages/livox_ros_driver2
[15.958s] -- Installing: /root/nav2_ws/src/ws_livox/install/livox_ros_driver2/share/livox_ros_driver2/cmake/export_livox_interfaces2__rosidl_generator_cExport.cmake
[15.959s] -- Installing: /root/nav2_ws/src/ws_livox/install/livox_ros_driver2/share/livox_ros_driver2/cmake/export_livox_interfaces2__rosidl_generator_cExport-noconfig.cmake
[15.959s] -- Installing: /root/nav2_ws/src/ws_livox/install/livox_ros_driver2/share/livox_ros_driver2/cmake/export_livox_interfaces2__rosidl_typesupport_fastrtps_cExport.cmake
[15.959s] -- Installing: /root/nav2_ws/src/ws_livox/install/livox_ros_driver2/share/livox_ros_driver2/cmake/export_livox_interfaces2__rosidl_typesupport_fastrtps_cExport-noconfig.cmake
[15.959s] -- Installing: /root/nav2_ws/src/ws_livox/install/livox_ros_driver2/share/livox_ros_driver2/cmake/livox_interfaces2__rosidl_typesupport_introspection_cExport.cmake
[15.959s] -- Installing: /root/nav2_ws/src/ws_livox/install/livox_ros_driver2/share/livox_ros_driver2/cmake/livox_interfaces2__rosidl_typesupport_introspection_cExport-noconfig.cmake
[15.959s] -- Installing: /root/nav2_ws/src/ws_livox/install/livox_ros_driver2/share/livox_ros_driver2/cmake/livox_interfaces2__rosidl_typesupport_cExport.cmake
[15.959s] -- Installing: /root/nav2_ws/src/ws_livox/install/livox_ros_driver2/share/livox_ros_driver2/cmake/livox_interfaces2__rosidl_typesupport_cExport-noconfig.cmake
[15.959s] -- Installing: /root/nav2_ws/src/ws_livox/install/livox_ros_driver2/share/livox_ros_driver2/cmake/export_livox_interfaces2__rosidl_generator_cppExport.cmake
[15.959s] -- Installing: /root/nav2_ws/src/ws_livox/install/livox_ros_driver2/share/livox_ros_driver2/cmake/export_livox_interfaces2__rosidl_typesupport_fastrtps_cppExport.cmake
[15.959s] -- Installing: /root/nav2_ws/src/ws_livox/install/livox_ros_driver2/share/livox_ros_driver2/cmake/export_livox_interfaces2__rosidl_typesupport_fastrtps_cppExport-noconfig.cmake
[15.960s] -- Installing: /root/nav2_ws/src/ws_livox/install/livox_ros_driver2/share/livox_ros_driver2/cmake/livox_interfaces2__rosidl_typesupport_introspection_cppExport.cmake
[15.960s] -- Installing: /root/nav2_ws/src/ws_livox/install/livox_ros_driver2/share/livox_ros_driver2/cmake/livox_interfaces2__rosidl_typesupport_introspection_cppExport-noconfig.cmake
[15.960s] -- Installing: /root/nav2_ws/src/ws_livox/install/livox_ros_driver2/share/livox_ros_driver2/cmake/livox_interfaces2__rosidl_typesupport_cppExport.cmake
[15.960s] -- Installing: /root/nav2_ws/src/ws_livox/install/livox_ros_driver2/share/livox_ros_driver2/cmake/livox_interfaces2__rosidl_typesupport_cppExport-noconfig.cmake
[15.960s] -- Installing: /root/nav2_ws/src/ws_livox/install/livox_ros_driver2/share/livox_ros_driver2/cmake/export_livox_interfaces2__rosidl_generator_pyExport.cmake
[15.960s] -- Installing: /root/nav2_ws/src/ws_livox/install/livox_ros_driver2/share/livox_ros_driver2/cmake/export_livox_interfaces2__rosidl_generator_pyExport-noconfig.cmake
[15.960s] -- Installing: /root/nav2_ws/src/ws_livox/install/livox_ros_driver2/share/ament_index/resource_index/rclcpp_components/livox_ros_driver2
[15.960s] -- Installing: /root/nav2_ws/src/ws_livox/install/livox_ros_driver2/share/livox_ros_driver2/cmake/rosidl_cmake-extras.cmake
[15.960s] -- Installing: /root/nav2_ws/src/ws_livox/install/livox_ros_driver2/share/livox_ros_driver2/cmake/ament_cmake_export_dependencies-extras.cmake
[15.961s] -- Installing: /root/nav2_ws/src/ws_livox/install/livox_ros_driver2/share/livox_ros_driver2/cmake/ament_cmake_export_include_directories-extras.cmake
[15.961s] -- Installing: /root/nav2_ws/src/ws_livox/install/livox_ros_driver2/share/livox_ros_driver2/cmake/ament_cmake_export_libraries-extras.cmake
[15.961s] -- Installing: /root/nav2_ws/src/ws_livox/install/livox_ros_driver2/share/livox_ros_driver2/cmake/ament_cmake_export_targets-extras.cmake
[15.961s] -- Installing: /root/nav2_ws/src/ws_livox/install/livox_ros_driver2/share/livox_ros_driver2/cmake/rosidl_cmake_export_typesupport_targets-extras.cmake
[15.961s] -- Installing: /root/nav2_ws/src/ws_livox/install/livox_ros_driver2/share/livox_ros_driver2/cmake/rosidl_cmake_export_typesupport_libraries-extras.cmake
[15.961s] -- Installing: /root/nav2_ws/src/ws_livox/install/livox_ros_driver2/share/livox_ros_driver2/cmake/livox_ros_driver2Config.cmake
[15.961s] -- Installing: /root/nav2_ws/src/ws_livox/install/livox_ros_driver2/share/livox_ros_driver2/cmake/livox_ros_driver2Config-version.cmake
[15.961s] -- Installing: /root/nav2_ws/src/ws_livox/install/livox_ros_driver2/share/livox_ros_driver2/package.xml
[15.963s] Invoked command in '/root/nav2_ws/src/ws_livox/build/livox_ros_driver2' returned '0': CMAKE_PREFIX_PATH=${CMAKE_PREFIX_PATH}:/root/nav2_ws/install/sensor_launcher:/root/nav2_ws/install/nav2_simple_commander:/root/nav2_ws/install/nav2_odom_to_tf:/opt/ros/humble /usr/bin/cmake --install /root/nav2_ws/src/ws_livox/build/livox_ros_driver2
