[0.097s] DEBUG:colcon:Command line arguments: ['/usr/bin/colcon', 'build']
[0.097s] DEBUG:colcon:Parsed command line arguments: Namespace(log_base=None, log_level=None, verb_name='build', build_base='build', install_base='install', merge_install=False, symlink_install=False, test_result_base=None, continue_on_error=False, executor='parallel', parallel_workers=8, event_handlers=None, ignore_user_meta=False, metas=['./colcon.meta'], base_paths=['.'], packages_ignore=None, packages_ignore_regex=None, paths=None, packages_up_to=None, packages_up_to_regex=None, packages_above=None, packages_above_and_dependencies=None, packages_above_depth=None, packages_select_by_dep=None, packages_skip_by_dep=None, packages_skip_up_to=None, packages_select_build_failed=False, packages_skip_build_finished=False, packages_select_test_failures=False, packages_skip_test_passed=False, packages_select=None, packages_skip=None, packages_select_regex=None, packages_skip_regex=None, packages_start=None, packages_end=None, cmake_args=None, cmake_target=None, cmake_target_skip_unavailable=False, cmake_clean_cache=False, cmake_clean_first=False, cmake_force_configure=False, ament_cmake_args=None, catkin_cmake_args=None, catkin_skip_building_tests=False, mixin_files=None, mixin=None, verb_parser=<colcon_mixin.mixin.mixin_argument.MixinArgumentDecorator object at 0x7f356b4520b0>, verb_extension=<colcon_core.verb.build.BuildVerb object at 0x7f356b451b40>, main=<bound method BuildVerb.main of <colcon_core.verb.build.BuildVerb object at 0x7f356b451b40>>, mixin_verb=('build',))
[0.215s] Level 1:colcon.colcon_core.package_discovery:discover_packages(colcon_meta) check parameters
[0.216s] INFO:colcon.colcon_metadata.package_discovery.colcon_meta:Using configuration from '/root/.colcon/metadata/default/Gazebo.meta'
[0.216s] INFO:colcon.colcon_metadata.package_discovery.colcon_meta:Using configuration from '/root/.colcon/metadata/default/fastdds.meta'
[0.217s] INFO:colcon.colcon_metadata.package_discovery.colcon_meta:Using configuration from '/root/.colcon/metadata/default/fastrtps.meta'
[0.217s] Level 1:colcon.colcon_core.package_discovery:discover_packages(recursive) check parameters
[0.217s] Level 1:colcon.colcon_core.package_discovery:discover_packages(ignore) check parameters
[0.217s] Level 1:colcon.colcon_core.package_discovery:discover_packages(path) check parameters
[0.217s] Level 1:colcon.colcon_core.package_discovery:discover_packages(colcon_meta) discover
[0.217s] Level 1:colcon.colcon_core.package_discovery:discover_packages(recursive) discover
[0.217s] INFO:colcon.colcon_core.package_discovery:Crawling recursively for packages in '/root/nav2_ws/src/ws_livox'
[0.217s] Level 1:colcon.colcon_core.package_identification:_identify(.) by extensions ['ignore', 'ignore_ament_install']
[0.217s] Level 1:colcon.colcon_core.package_identification:_identify(.) by extension 'ignore'
[0.217s] Level 1:colcon.colcon_core.package_identification:_identify(.) by extension 'ignore_ament_install'
[0.217s] Level 1:colcon.colcon_core.package_identification:_identify(.) by extensions ['colcon_pkg']
[0.217s] Level 1:colcon.colcon_core.package_identification:_identify(.) by extension 'colcon_pkg'
[0.217s] Level 1:colcon.colcon_core.package_identification:_identify(.) by extensions ['colcon_meta']
[0.218s] Level 1:colcon.colcon_core.package_identification:_identify(.) by extension 'colcon_meta'
[0.218s] Level 1:colcon.colcon_core.package_identification:_identify(.) by extensions ['ros']
[0.218s] Level 1:colcon.colcon_core.package_identification:_identify(.) by extension 'ros'
[0.228s] Level 1:colcon.colcon_core.package_identification:_identify(.) by extensions ['cmake', 'python']
[0.228s] Level 1:colcon.colcon_core.package_identification:_identify(.) by extension 'cmake'
[0.228s] Level 1:colcon.colcon_core.package_identification:_identify(.) by extension 'python'
[0.228s] Level 1:colcon.colcon_core.package_identification:_identify(.) by extensions ['python_setup_py']
[0.228s] Level 1:colcon.colcon_core.package_identification:_identify(.) by extension 'python_setup_py'
[0.228s] Level 1:colcon.colcon_core.package_identification:_identify(build) by extensions ['ignore', 'ignore_ament_install']
[0.228s] Level 1:colcon.colcon_core.package_identification:_identify(build) by extension 'ignore'
[0.228s] Level 1:colcon.colcon_core.package_identification:_identify(build) ignored
[0.228s] Level 1:colcon.colcon_core.package_identification:_identify(install) by extensions ['ignore', 'ignore_ament_install']
[0.229s] Level 1:colcon.colcon_core.package_identification:_identify(install) by extension 'ignore'
[0.229s] Level 1:colcon.colcon_core.package_identification:_identify(install) ignored
[0.229s] Level 1:colcon.colcon_core.package_identification:_identify(log) by extensions ['ignore', 'ignore_ament_install']
[0.229s] Level 1:colcon.colcon_core.package_identification:_identify(log) by extension 'ignore'
[0.229s] Level 1:colcon.colcon_core.package_identification:_identify(log) ignored
[0.229s] Level 1:colcon.colcon_core.package_identification:_identify(src) by extensions ['ignore', 'ignore_ament_install']
[0.229s] Level 1:colcon.colcon_core.package_identification:_identify(src) by extension 'ignore'
[0.229s] Level 1:colcon.colcon_core.package_identification:_identify(src) by extension 'ignore_ament_install'
[0.229s] Level 1:colcon.colcon_core.package_identification:_identify(src) by extensions ['colcon_pkg']
[0.229s] Level 1:colcon.colcon_core.package_identification:_identify(src) by extension 'colcon_pkg'
[0.229s] Level 1:colcon.colcon_core.package_identification:_identify(src) by extensions ['colcon_meta']
[0.229s] Level 1:colcon.colcon_core.package_identification:_identify(src) by extension 'colcon_meta'
[0.229s] Level 1:colcon.colcon_core.package_identification:_identify(src) by extensions ['ros']
[0.229s] Level 1:colcon.colcon_core.package_identification:_identify(src) by extension 'ros'
[0.229s] Level 1:colcon.colcon_core.package_identification:_identify(src) by extensions ['cmake', 'python']
[0.229s] Level 1:colcon.colcon_core.package_identification:_identify(src) by extension 'cmake'
[0.229s] Level 1:colcon.colcon_core.package_identification:_identify(src) by extension 'python'
[0.229s] Level 1:colcon.colcon_core.package_identification:_identify(src) by extensions ['python_setup_py']
[0.229s] Level 1:colcon.colcon_core.package_identification:_identify(src) by extension 'python_setup_py'
[0.229s] Level 1:colcon.colcon_core.package_identification:_identify(src/livox_ros_driver2) by extensions ['ignore', 'ignore_ament_install']
[0.229s] Level 1:colcon.colcon_core.package_identification:_identify(src/livox_ros_driver2) by extension 'ignore'
[0.230s] Level 1:colcon.colcon_core.package_identification:_identify(src/livox_ros_driver2) by extension 'ignore_ament_install'
[0.230s] Level 1:colcon.colcon_core.package_identification:_identify(src/livox_ros_driver2) by extensions ['colcon_pkg']
[0.230s] Level 1:colcon.colcon_core.package_identification:_identify(src/livox_ros_driver2) by extension 'colcon_pkg'
[0.230s] Level 1:colcon.colcon_core.package_identification:_identify(src/livox_ros_driver2) by extensions ['colcon_meta']
[0.230s] Level 1:colcon.colcon_core.package_identification:_identify(src/livox_ros_driver2) by extension 'colcon_meta'
[0.230s] Level 1:colcon.colcon_core.package_identification:_identify(src/livox_ros_driver2) by extensions ['ros']
[0.230s] Level 1:colcon.colcon_core.package_identification:_identify(src/livox_ros_driver2) by extension 'ros'
[0.232s] DEBUG:colcon.colcon_core.package_identification:Package 'src/livox_ros_driver2' with type 'ros.ament_cmake' and name 'livox_ros_driver2'
[0.232s] Level 1:colcon.colcon_core.package_discovery:discover_packages(recursive) using defaults
[0.232s] Level 1:colcon.colcon_core.package_discovery:discover_packages(ignore) discover
[0.232s] Level 1:colcon.colcon_core.package_discovery:discover_packages(ignore) using defaults
[0.232s] Level 1:colcon.colcon_core.package_discovery:discover_packages(path) discover
[0.233s] Level 1:colcon.colcon_core.package_discovery:discover_packages(path) using defaults
[0.249s] Level 5:colcon.colcon_core.verb:set package 'livox_ros_driver2' build argument 'cmake_args' from command line to 'None'
[0.250s] Level 5:colcon.colcon_core.verb:set package 'livox_ros_driver2' build argument 'cmake_target' from command line to 'None'
[0.250s] Level 5:colcon.colcon_core.verb:set package 'livox_ros_driver2' build argument 'cmake_target_skip_unavailable' from command line to 'False'
[0.250s] Level 5:colcon.colcon_core.verb:set package 'livox_ros_driver2' build argument 'cmake_clean_cache' from command line to 'False'
[0.250s] Level 5:colcon.colcon_core.verb:set package 'livox_ros_driver2' build argument 'cmake_clean_first' from command line to 'False'
[0.250s] Level 5:colcon.colcon_core.verb:set package 'livox_ros_driver2' build argument 'cmake_force_configure' from command line to 'False'
[0.250s] Level 5:colcon.colcon_core.verb:set package 'livox_ros_driver2' build argument 'ament_cmake_args' from command line to 'None'
[0.250s] Level 5:colcon.colcon_core.verb:set package 'livox_ros_driver2' build argument 'catkin_cmake_args' from command line to 'None'
[0.250s] Level 5:colcon.colcon_core.verb:set package 'livox_ros_driver2' build argument 'catkin_skip_building_tests' from command line to 'False'
[0.250s] DEBUG:colcon.colcon_core.verb:Building package 'livox_ros_driver2' with the following arguments: {'ament_cmake_args': None, 'build_base': '/root/nav2_ws/src/ws_livox/build/livox_ros_driver2', 'catkin_cmake_args': None, 'catkin_skip_building_tests': False, 'cmake_args': None, 'cmake_clean_cache': False, 'cmake_clean_first': False, 'cmake_force_configure': False, 'cmake_target': None, 'cmake_target_skip_unavailable': False, 'install_base': '/root/nav2_ws/src/ws_livox/install/livox_ros_driver2', 'merge_install': False, 'path': '/root/nav2_ws/src/ws_livox/src/livox_ros_driver2', 'symlink_install': False, 'test_result_base': None}
[0.250s] INFO:colcon.colcon_core.executor:Executing jobs using 'parallel' executor
[0.251s] DEBUG:colcon.colcon_parallel_executor.executor.parallel:run_until_complete
[0.251s] INFO:colcon.colcon_ros.task.ament_cmake.build:Building ROS package in '/root/nav2_ws/src/ws_livox/src/livox_ros_driver2' with build type 'ament_cmake'
[0.251s] INFO:colcon.colcon_cmake.task.cmake.build:Building CMake package in '/root/nav2_ws/src/ws_livox/src/livox_ros_driver2'
[0.253s] INFO:colcon.colcon_core.plugin_system:Skipping extension 'colcon_core.shell.bat': Not used on non-Windows systems
[0.253s] INFO:colcon.colcon_core.shell:Skip shell extension 'powershell' for command environment: Not usable outside of PowerShell
[0.253s] DEBUG:colcon.colcon_core.shell:Skip shell extension 'dsv' for command environment
[0.267s] DEBUG:colcon.colcon_core.event_handler.log_command:Invoking command in '/root/nav2_ws/src/ws_livox/build/livox_ros_driver2': CMAKE_PREFIX_PATH=${CMAKE_PREFIX_PATH}:/root/nav2_ws/install/sensor_launcher:/root/nav2_ws/install/nav2_simple_commander:/root/nav2_ws/install/nav2_odom_to_tf:/opt/ros/humble /usr/bin/cmake --build /root/nav2_ws/src/ws_livox/build/livox_ros_driver2 -- -j8 -l8
[7.627s] DEBUG:colcon.colcon_core.event_handler.log_command:Invoked command in '/root/nav2_ws/src/ws_livox/build/livox_ros_driver2' returned '0': CMAKE_PREFIX_PATH=${CMAKE_PREFIX_PATH}:/root/nav2_ws/install/sensor_launcher:/root/nav2_ws/install/nav2_simple_commander:/root/nav2_ws/install/nav2_odom_to_tf:/opt/ros/humble /usr/bin/cmake --build /root/nav2_ws/src/ws_livox/build/livox_ros_driver2 -- -j8 -l8
[7.639s] DEBUG:colcon.colcon_core.event_handler.log_command:Invoking command in '/root/nav2_ws/src/ws_livox/build/livox_ros_driver2': CMAKE_PREFIX_PATH=${CMAKE_PREFIX_PATH}:/root/nav2_ws/install/sensor_launcher:/root/nav2_ws/install/nav2_simple_commander:/root/nav2_ws/install/nav2_odom_to_tf:/opt/ros/humble /usr/bin/cmake --install /root/nav2_ws/src/ws_livox/build/livox_ros_driver2
[7.704s] Level 1:colcon.colcon_core.environment:create_environment_scripts_only(livox_ros_driver2)
[7.704s] DEBUG:colcon.colcon_core.event_handler.log_command:Invoked command in '/root/nav2_ws/src/ws_livox/build/livox_ros_driver2' returned '0': CMAKE_PREFIX_PATH=${CMAKE_PREFIX_PATH}:/root/nav2_ws/install/sensor_launcher:/root/nav2_ws/install/nav2_simple_commander:/root/nav2_ws/install/nav2_odom_to_tf:/opt/ros/humble /usr/bin/cmake --install /root/nav2_ws/src/ws_livox/build/livox_ros_driver2
[7.706s] Level 1:colcon.colcon_core.environment:checking '/root/nav2_ws/src/ws_livox/install/livox_ros_driver2' for CMake module files
[7.707s] Level 1:colcon.colcon_core.environment:checking '/root/nav2_ws/src/ws_livox/install/livox_ros_driver2' for CMake config files
[7.707s] Level 1:colcon.colcon_core.shell:create_environment_hook('livox_ros_driver2', 'cmake_prefix_path')
[7.707s] INFO:colcon.colcon_core.shell:Creating environment hook '/root/nav2_ws/src/ws_livox/install/livox_ros_driver2/share/livox_ros_driver2/hook/cmake_prefix_path.ps1'
[7.708s] INFO:colcon.colcon_core.shell:Creating environment descriptor '/root/nav2_ws/src/ws_livox/install/livox_ros_driver2/share/livox_ros_driver2/hook/cmake_prefix_path.dsv'
[7.708s] INFO:colcon.colcon_core.shell:Creating environment hook '/root/nav2_ws/src/ws_livox/install/livox_ros_driver2/share/livox_ros_driver2/hook/cmake_prefix_path.sh'
[7.709s] Level 1:colcon.colcon_core.environment:checking '/root/nav2_ws/src/ws_livox/install/livox_ros_driver2/lib'
[7.709s] Level 1:colcon.colcon_core.shell:create_environment_hook('livox_ros_driver2', 'ld_library_path_lib')
[7.709s] INFO:colcon.colcon_core.shell:Creating environment hook '/root/nav2_ws/src/ws_livox/install/livox_ros_driver2/share/livox_ros_driver2/hook/ld_library_path_lib.ps1'
[7.710s] INFO:colcon.colcon_core.shell:Creating environment descriptor '/root/nav2_ws/src/ws_livox/install/livox_ros_driver2/share/livox_ros_driver2/hook/ld_library_path_lib.dsv'
[7.710s] INFO:colcon.colcon_core.shell:Creating environment hook '/root/nav2_ws/src/ws_livox/install/livox_ros_driver2/share/livox_ros_driver2/hook/ld_library_path_lib.sh'
[7.710s] Level 1:colcon.colcon_core.environment:checking '/root/nav2_ws/src/ws_livox/install/livox_ros_driver2/bin'
[7.710s] Level 1:colcon.colcon_core.environment:checking '/root/nav2_ws/src/ws_livox/install/livox_ros_driver2/lib/pkgconfig/livox_ros_driver2.pc'
[7.712s] Level 1:colcon.colcon_core.environment:checking '/root/nav2_ws/src/ws_livox/install/livox_ros_driver2/lib/python3.10/site-packages'
[7.712s] Level 1:colcon.colcon_core.environment:checking '/root/nav2_ws/src/ws_livox/install/livox_ros_driver2/bin'
[7.712s] INFO:colcon.colcon_core.shell:Creating package script '/root/nav2_ws/src/ws_livox/install/livox_ros_driver2/share/livox_ros_driver2/package.ps1'
[7.713s] INFO:colcon.colcon_core.shell:Creating package descriptor '/root/nav2_ws/src/ws_livox/install/livox_ros_driver2/share/livox_ros_driver2/package.dsv'
[7.713s] INFO:colcon.colcon_core.shell:Creating package script '/root/nav2_ws/src/ws_livox/install/livox_ros_driver2/share/livox_ros_driver2/package.sh'
[7.714s] INFO:colcon.colcon_core.shell:Creating package script '/root/nav2_ws/src/ws_livox/install/livox_ros_driver2/share/livox_ros_driver2/package.bash'
[7.715s] INFO:colcon.colcon_core.shell:Creating package script '/root/nav2_ws/src/ws_livox/install/livox_ros_driver2/share/livox_ros_driver2/package.zsh'
[7.716s] Level 1:colcon.colcon_core.environment:create_file_with_runtime_dependencies(/root/nav2_ws/src/ws_livox/install/livox_ros_driver2/share/colcon-core/packages/livox_ros_driver2)
[7.716s] Level 1:colcon.colcon_core.environment:create_environment_scripts_only(livox_ros_driver2)
[7.716s] Level 1:colcon.colcon_core.environment:checking '/root/nav2_ws/src/ws_livox/install/livox_ros_driver2' for CMake module files
[7.717s] Level 1:colcon.colcon_core.environment:checking '/root/nav2_ws/src/ws_livox/install/livox_ros_driver2' for CMake config files
[7.717s] Level 1:colcon.colcon_core.shell:create_environment_hook('livox_ros_driver2', 'cmake_prefix_path')
[7.717s] INFO:colcon.colcon_core.shell:Creating environment hook '/root/nav2_ws/src/ws_livox/install/livox_ros_driver2/share/livox_ros_driver2/hook/cmake_prefix_path.ps1'
[7.718s] INFO:colcon.colcon_core.shell:Creating environment descriptor '/root/nav2_ws/src/ws_livox/install/livox_ros_driver2/share/livox_ros_driver2/hook/cmake_prefix_path.dsv'
[7.718s] INFO:colcon.colcon_core.shell:Creating environment hook '/root/nav2_ws/src/ws_livox/install/livox_ros_driver2/share/livox_ros_driver2/hook/cmake_prefix_path.sh'
[7.718s] Level 1:colcon.colcon_core.environment:checking '/root/nav2_ws/src/ws_livox/install/livox_ros_driver2/lib'
[7.718s] Level 1:colcon.colcon_core.shell:create_environment_hook('livox_ros_driver2', 'ld_library_path_lib')
[7.719s] INFO:colcon.colcon_core.shell:Creating environment hook '/root/nav2_ws/src/ws_livox/install/livox_ros_driver2/share/livox_ros_driver2/hook/ld_library_path_lib.ps1'
[7.719s] INFO:colcon.colcon_core.shell:Creating environment descriptor '/root/nav2_ws/src/ws_livox/install/livox_ros_driver2/share/livox_ros_driver2/hook/ld_library_path_lib.dsv'
[7.719s] INFO:colcon.colcon_core.shell:Creating environment hook '/root/nav2_ws/src/ws_livox/install/livox_ros_driver2/share/livox_ros_driver2/hook/ld_library_path_lib.sh'
[7.719s] Level 1:colcon.colcon_core.environment:checking '/root/nav2_ws/src/ws_livox/install/livox_ros_driver2/bin'
[7.720s] Level 1:colcon.colcon_core.environment:checking '/root/nav2_ws/src/ws_livox/install/livox_ros_driver2/lib/pkgconfig/livox_ros_driver2.pc'
[7.720s] Level 1:colcon.colcon_core.environment:checking '/root/nav2_ws/src/ws_livox/install/livox_ros_driver2/lib/python3.10/site-packages'
[7.720s] Level 1:colcon.colcon_core.environment:checking '/root/nav2_ws/src/ws_livox/install/livox_ros_driver2/bin'
[7.720s] INFO:colcon.colcon_core.shell:Creating package script '/root/nav2_ws/src/ws_livox/install/livox_ros_driver2/share/livox_ros_driver2/package.ps1'
[7.720s] INFO:colcon.colcon_core.shell:Creating package descriptor '/root/nav2_ws/src/ws_livox/install/livox_ros_driver2/share/livox_ros_driver2/package.dsv'
[7.721s] INFO:colcon.colcon_core.shell:Creating package script '/root/nav2_ws/src/ws_livox/install/livox_ros_driver2/share/livox_ros_driver2/package.sh'
[7.721s] INFO:colcon.colcon_core.shell:Creating package script '/root/nav2_ws/src/ws_livox/install/livox_ros_driver2/share/livox_ros_driver2/package.bash'
[7.721s] INFO:colcon.colcon_core.shell:Creating package script '/root/nav2_ws/src/ws_livox/install/livox_ros_driver2/share/livox_ros_driver2/package.zsh'
[7.722s] Level 1:colcon.colcon_core.environment:create_file_with_runtime_dependencies(/root/nav2_ws/src/ws_livox/install/livox_ros_driver2/share/colcon-core/packages/livox_ros_driver2)
[7.722s] DEBUG:colcon.colcon_parallel_executor.executor.parallel:closing loop
[7.722s] DEBUG:colcon.colcon_parallel_executor.executor.parallel:loop closed
[7.722s] DEBUG:colcon.colcon_parallel_executor.executor.parallel:run_until_complete finished with '0'
[7.722s] DEBUG:colcon.colcon_core.event_reactor:joining thread
[7.745s] INFO:colcon.colcon_core.plugin_system:Skipping extension 'colcon_notification.desktop_notification.notify_send': Could not find 'notify-send'
[7.745s] INFO:colcon.colcon_core.plugin_system:Skipping extension 'colcon_notification.desktop_notification.terminal_notifier': Not used on non-Darwin systems
[7.745s] INFO:colcon.colcon_core.plugin_system:Skipping extension 'colcon_notification.desktop_notification.win32': Not used on non-Windows systems
[7.745s] INFO:colcon.colcon_notification.desktop_notification:Sending desktop notification using 'notify2'
[7.748s] DEBUG:colcon.colcon_notification.desktop_notification.notify2:Failed to initialize notify2: org.freedesktop.DBus.Error.Spawn.ExecFailed: /usr/bin/dbus-launch terminated abnormally without any error message
[7.748s] DEBUG:colcon.colcon_core.event_reactor:joined thread
[7.749s] INFO:colcon.colcon_core.shell:Creating prefix script '/root/nav2_ws/src/ws_livox/install/local_setup.ps1'
[7.750s] INFO:colcon.colcon_core.shell:Creating prefix util module '/root/nav2_ws/src/ws_livox/install/_local_setup_util_ps1.py'
[7.751s] INFO:colcon.colcon_core.shell:Creating prefix chain script '/root/nav2_ws/src/ws_livox/install/setup.ps1'
[7.753s] INFO:colcon.colcon_core.shell:Creating prefix script '/root/nav2_ws/src/ws_livox/install/local_setup.sh'
[7.754s] INFO:colcon.colcon_core.shell:Creating prefix util module '/root/nav2_ws/src/ws_livox/install/_local_setup_util_sh.py'
[7.755s] INFO:colcon.colcon_core.shell:Creating prefix chain script '/root/nav2_ws/src/ws_livox/install/setup.sh'
[7.757s] INFO:colcon.colcon_core.shell:Creating prefix script '/root/nav2_ws/src/ws_livox/install/local_setup.bash'
[7.758s] INFO:colcon.colcon_core.shell:Creating prefix chain script '/root/nav2_ws/src/ws_livox/install/setup.bash'
[7.760s] INFO:colcon.colcon_core.shell:Creating prefix script '/root/nav2_ws/src/ws_livox/install/local_setup.zsh'
[7.760s] INFO:colcon.colcon_core.shell:Creating prefix chain script '/root/nav2_ws/src/ws_livox/install/setup.zsh'
