[0.014s] Invoking command in '/root/nav2_ws/src/ws_livox/build/livox_ros_driver2': CMAKE_PREFIX_PATH=${CMAKE_PREFIX_PATH}:/root/nav2_ws/install/sensor_launcher:/root/nav2_ws/install/nav2_simple_commander:/root/nav2_ws/install/nav2_odom_to_tf:/opt/ros/humble /usr/bin/cmake /root/nav2_ws/src/ws_livox/src/livox_ros_driver2 -DROS_EDITION=ROS2 -DHUMBLE_ROS=humble -DCMAKE_INSTALL_PREFIX=/root/nav2_ws/src/ws_livox/install/livox_ros_driver2
[0.087s] -- The C compiler identification is GNU 11.4.0
[0.154s] -- The CXX compiler identification is GNU 11.4.0
[0.162s] -- Detecting C compiler ABI info
[0.247s] -- Detecting C compiler ABI info - done
[0.257s] -- Check for working C compiler: /usr/bin/cc - skipped
[0.257s] -- Detecting C compile features
[0.257s] -- Detecting C compile features - done
[0.262s] -- Detecting CXX compiler ABI info
[0.367s] -- Detecting CXX compiler ABI info - done
[0.374s] -- Check for working CXX compiler: /usr/bin/c++ - skipped
[0.374s] -- Detecting CXX compile features
[0.374s] -- Detecting CXX compile features - done
[0.375s] -- livox_ros_driver2 version: 1.2.4
[0.381s] -- Found ament_cmake_auto: 1.3.12 (/opt/ros/humble/share/ament_cmake_auto/cmake)
[0.564s] -- Found Python3: /usr/bin/python3 (found version "3.10.12") found components: Interpreter 
[0.784s] -- Using all available rosidl_typesupport_c: rosidl_typesupport_fastrtps_c;rosidl_typesupport_introspection_c
[0.802s] -- Found rosidl_adapter: 3.1.7 (/opt/ros/humble/share/rosidl_adapter/cmake)
[0.878s] -- Using all available rosidl_typesupport_cpp: rosidl_typesupport_fastrtps_cpp;rosidl_typesupport_introspection_cpp
[1.032s] -- Found rmw_implementation_cmake: 6.1.2 (/opt/ros/humble/share/rmw_implementation_cmake/cmake)
[1.041s] -- Found rmw_fastrtps_cpp: 6.2.8 (/opt/ros/humble/share/rmw_fastrtps_cpp/cmake)
[1.194s] -- Found OpenSSL: /usr/lib/x86_64-linux-gnu/libcrypto.so (found version "3.0.2")  
[1.238s] -- Found FastRTPS: /opt/ros/humble/include  
[1.297s] -- Using RMW implementation 'rmw_fastrtps_cpp' as default
[1.327s] -- Looking for pthread.h
[1.420s] -- Looking for pthread.h - found
[1.420s] -- Performing Test CMAKE_HAVE_LIBC_PTHREAD
[1.510s] -- Performing Test CMAKE_HAVE_LIBC_PTHREAD - Success
[1.512s] -- Found Threads: TRUE  
[1.723s] -- Checking for module 'eigen3'
[1.745s] --   Found eigen3, version 3.4.0
[1.795s] -- Found Eigen: /usr/include/eigen3 (Required is at least version "3.1") 
[1.795s] -- Eigen found (include: /usr/include/eigen3, version: 3.4.0)
[1.875s] -- Checking for module 'flann'
[1.895s] --   Found flann, version 1.9.1
[1.948s] -- Found FLANN: /usr/lib/x86_64-linux-gnu/libflann_cpp.so  
[1.948s] -- FLANN found (include: /usr/include, lib: /usr/lib/x86_64-linux-gnu/libflann_cpp.so)
[3.078s] -- Checking for module 'libusb-1.0'
[3.099s] --   Found libusb-1.0, version 1.0.25
[3.150s] -- Found libusb: /usr/lib/x86_64-linux-gnu/libusb-1.0.so  
[3.151s] -- OpenNI found (version: 1.5.4.0, include: /usr/include/ni, lib: /usr/lib/libOpenNI.so;libusb::libusb)
[3.229s] -- OpenNI2 found (version: 2.2.0.33, include: /usr/include/openni2, lib: /usr/lib/x86_64-linux-gnu/libOpenNI2.so;libusb::libusb)
[3.380s] -- Eigen found (include: /usr/include/eigen3, version: 3.4.0)
[3.387s] -- OpenNI found (version: 1.5.4.0, include: /usr/include/ni, lib: /usr/lib/libOpenNI.so;libusb::libusb)
[3.394s] -- OpenNI2 found (version: 2.2.0.33, include: /usr/include/openni2, lib: /usr/lib/x86_64-linux-gnu/libOpenNI2.so;libusb::libusb)
[3.537s] -- Found Qhull version 8.0.2
[3.688s] -- OpenNI found (version: 1.5.4.0, include: /usr/include/ni, lib: /usr/lib/libOpenNI.so;libusb::libusb)
[3.819s] -- Found PCL_COMMON: /usr/lib/x86_64-linux-gnu/libpcl_common.so  
[3.820s] -- Found PCL_KDTREE: /usr/lib/x86_64-linux-gnu/libpcl_kdtree.so  
[3.820s] -- Found PCL_OCTREE: /usr/lib/x86_64-linux-gnu/libpcl_octree.so  
[3.821s] -- Found PCL_SEARCH: /usr/lib/x86_64-linux-gnu/libpcl_search.so  
[3.822s] -- Found PCL_SAMPLE_CONSENSUS: /usr/lib/x86_64-linux-gnu/libpcl_sample_consensus.so  
[3.823s] -- Found PCL_FILTERS: /usr/lib/x86_64-linux-gnu/libpcl_filters.so  
[3.823s] -- Found PCL_2D: /usr/include/pcl-1.12  
[3.823s] -- Found PCL_GEOMETRY: /usr/include/pcl-1.12  
[3.824s] -- Found PCL_IO: /usr/lib/x86_64-linux-gnu/libpcl_io.so  
[3.825s] -- Found PCL_FEATURES: /usr/lib/x86_64-linux-gnu/libpcl_features.so  
[3.826s] -- Found PCL_ML: /usr/lib/x86_64-linux-gnu/libpcl_ml.so  
[3.827s] -- Found PCL_SEGMENTATION: /usr/lib/x86_64-linux-gnu/libpcl_segmentation.so  
[3.827s] -- Found PCL_VISUALIZATION: /usr/lib/x86_64-linux-gnu/libpcl_visualization.so  
[3.828s] -- Found PCL_SURFACE: /usr/lib/x86_64-linux-gnu/libpcl_surface.so  
[3.829s] -- Found PCL_REGISTRATION: /usr/lib/x86_64-linux-gnu/libpcl_registration.so  
[3.829s] -- Found PCL_KEYPOINTS: /usr/lib/x86_64-linux-gnu/libpcl_keypoints.so  
[3.830s] -- Found PCL_TRACKING: /usr/lib/x86_64-linux-gnu/libpcl_tracking.so  
[3.831s] -- Found PCL_RECOGNITION: /usr/lib/x86_64-linux-gnu/libpcl_recognition.so  
[3.832s] -- Found PCL_STEREO: /usr/lib/x86_64-linux-gnu/libpcl_stereo.so  
[3.833s] -- Found PCL_APPS: /usr/lib/x86_64-linux-gnu/libpcl_apps.so  
[3.833s] -- Found PCL_IN_HAND_SCANNER: /usr/include/pcl-1.12  
[3.834s] -- Found PCL_MODELER: /usr/include/pcl-1.12  
[3.834s] -- Found PCL_POINT_CLOUD_EDITOR: /usr/include/pcl-1.12  
[3.835s] -- Found PCL_OUTOFCORE: /usr/lib/x86_64-linux-gnu/libpcl_outofcore.so  
[3.836s] -- Found PCL_PEOPLE: /usr/lib/x86_64-linux-gnu/libpcl_people.so  
[3.900s] -- Found PkgConfig: /usr/bin/pkg-config (found version "0.29.2") 
[3.901s] -- Checking for module 'apr-1'
[3.905s] --   No package 'apr-1' found
[4.104s] -- Found ament_cmake_ros: 0.10.0 (/opt/ros/humble/share/ament_cmake_ros/cmake)
[4.323s] -- Using all available rosidl_typesupport_c: rosidl_typesupport_fastrtps_c;rosidl_typesupport_introspection_c
[4.592s] -- Using all available rosidl_typesupport_cpp: rosidl_typesupport_fastrtps_cpp;rosidl_typesupport_introspection_cpp
[4.614s] -- Found PythonInterp: /usr/bin/python3 (found suitable version "3.10.12", minimum required is "3.6") 
[4.620s] -- Found python_cmake_module: 0.10.0 (/opt/ros/humble/share/python_cmake_module/cmake)
[4.646s] -- Found PythonLibs: /usr/lib/x86_64-linux-gnu/libpython3.10.so (found suitable version "3.10.12", minimum required is "3.5") 
[4.646s] -- Using PYTHON_EXECUTABLE: /usr/bin/python3
[4.646s] -- Using PYTHON_INCLUDE_DIRS: /usr/include/python3.10
[4.646s] -- Using PYTHON_LIBRARIES: /usr/lib/x86_64-linux-gnu/libpython3.10.so
[4.667s] -- Found PythonExtra: .so  
[4.774s] -- Found ament_lint_auto: 0.12.14 (/opt/ros/humble/share/ament_lint_auto/cmake)
[4.838s] -- Added test 'copyright' to check source files copyright and LICENSE
[4.844s] -- Added test 'cppcheck' to perform static code analysis on C / C++ code
[4.845s] -- Configured cppcheck include dirs: /root/nav2_ws/src/ws_livox/src/livox_ros_driver2/3rdparty;/root/nav2_ws/src/ws_livox/src/livox_ros_driver2/src
[4.845s] -- Configured cppcheck exclude dirs and/or files: 
[4.851s] -- Added test 'cpplint' to check C / C++ code against the Google style
[4.851s] -- Configured cpplint exclude dirs and/or files: 
[4.853s] -- Added test 'flake8' to check Python code syntax and style conventions
[4.855s] -- Added test 'lint_cmake' to check CMake code style
[4.856s] -- Added test 'pep257' to check Python code against some of the docstring style conventions in PEP 257
[4.862s] -- Added test 'uncrustify' to check C / C++ code style
[4.862s] -- Configured uncrustify additional arguments: 
[4.863s] -- Added test 'xmllint' to check XML markup files
[4.866s] -- Configuring done
[4.926s] -- Generating done
[4.944s] -- Build files have been written to: /root/nav2_ws/src/ws_livox/build/livox_ros_driver2
[4.959s] Invoked command in '/root/nav2_ws/src/ws_livox/build/livox_ros_driver2' returned '0': CMAKE_PREFIX_PATH=${CMAKE_PREFIX_PATH}:/root/nav2_ws/install/sensor_launcher:/root/nav2_ws/install/nav2_simple_commander:/root/nav2_ws/install/nav2_odom_to_tf:/opt/ros/humble /usr/bin/cmake /root/nav2_ws/src/ws_livox/src/livox_ros_driver2 -DROS_EDITION=ROS2 -DHUMBLE_ROS=humble -DCMAKE_INSTALL_PREFIX=/root/nav2_ws/src/ws_livox/install/livox_ros_driver2
[4.961s] Invoking command in '/root/nav2_ws/src/ws_livox/build/livox_ros_driver2': CMAKE_PREFIX_PATH=${CMAKE_PREFIX_PATH}:/root/nav2_ws/install/sensor_launcher:/root/nav2_ws/install/nav2_simple_commander:/root/nav2_ws/install/nav2_odom_to_tf:/opt/ros/humble /usr/bin/cmake --build /root/nav2_ws/src/ws_livox/build/livox_ros_driver2 -- -j8 -l8
[5.016s] [  1%] [34m[1mGenerating C code for ROS interfaces[0m
[5.031s] [  5%] [32mBuilding CXX object CMakeFiles/livox_ros_driver2_node.dir/rclcpp_components/node_main_livox_ros_driver2_node.cpp.o[0m
[5.031s] [  5%] [34m[1mGenerating C++ code for ROS interfaces[0m
[5.043s] [  5%] Built target ament_cmake_python_copy_livox_ros_driver2
[5.256s] running egg_info
[5.257s] creating livox_ros_driver2.egg-info
[5.257s] writing livox_ros_driver2.egg-info/PKG-INFO
[5.257s] writing dependency_links to livox_ros_driver2.egg-info/dependency_links.txt
[5.257s] writing top-level names to livox_ros_driver2.egg-info/top_level.txt
[5.258s] writing manifest file 'livox_ros_driver2.egg-info/SOURCES.txt'
[5.259s] reading manifest file 'livox_ros_driver2.egg-info/SOURCES.txt'
[5.260s] writing manifest file 'livox_ros_driver2.egg-info/SOURCES.txt'
[5.290s] [  5%] Built target ament_cmake_python_build_livox_ros_driver2_egg
[5.442s] [  8%] [32mBuilding C object CMakeFiles/livox_interfaces2__rosidl_generator_c.dir/rosidl_generator_c/livox_ros_driver2/msg/detail/custom_point__functions.c.o[0m
[5.442s] [  8%] [32mBuilding C object CMakeFiles/livox_interfaces2__rosidl_generator_c.dir/rosidl_generator_c/livox_ros_driver2/msg/detail/custom_msg__functions.c.o[0m
[5.449s] [  8%] Built target livox_interfaces2__cpp
[5.468s] [ 10%] [34m[1mGenerating C++ type support dispatch for ROS interfaces[0m
[5.473s] [ 12%] [34m[1mGenerating C++ introspection for ROS interfaces[0m
[5.473s] [ 14%] [34m[1mGenerating C++ type support for eProsima Fast-RTPS[0m
[5.515s] [ 15%] [32m[1mLinking C shared library liblivox_ros_driver2__rosidl_generator_c.so[0m
[5.583s] [ 15%] Built target livox_interfaces2__rosidl_generator_c
[5.607s] [ 19%] [34m[1mGenerating C type support for eProsima Fast-RTPS[0m
[5.608s] [ 21%] [34m[1mGenerating C type support dispatch for ROS interfaces[0m
[5.608s] [ 21%] [34m[1mGenerating C introspection for ROS interfaces[0m
[5.964s] [ 22%] [32mBuilding CXX object CMakeFiles/livox_interfaces2__rosidl_typesupport_introspection_cpp.dir/rosidl_typesupport_introspection_cpp/livox_ros_driver2/msg/detail/custom_msg__type_support.cpp.o[0m
[5.965s] [ 24%] [32mBuilding CXX object CMakeFiles/livox_interfaces2__rosidl_typesupport_introspection_cpp.dir/rosidl_typesupport_introspection_cpp/livox_ros_driver2/msg/detail/custom_point__type_support.cpp.o[0m
[6.043s] [ 26%] [32mBuilding CXX object CMakeFiles/livox_interfaces2__rosidl_typesupport_cpp.dir/rosidl_typesupport_cpp/livox_ros_driver2/msg/custom_point__type_support.cpp.o[0m
[6.070s] [ 28%] [32mBuilding CXX object CMakeFiles/livox_interfaces2__rosidl_typesupport_fastrtps_cpp.dir/rosidl_typesupport_fastrtps_cpp/livox_ros_driver2/msg/detail/dds_fastrtps/custom_point__type_support.cpp.o[0m
[6.271s] [ 29%] [32mBuilding CXX object CMakeFiles/livox_interfaces2__rosidl_typesupport_c.dir/rosidl_typesupport_c/livox_ros_driver2/msg/custom_point__type_support.cpp.o[0m
[6.331s] [ 31%] [32mBuilding CXX object CMakeFiles/livox_interfaces2__rosidl_typesupport_c.dir/rosidl_typesupport_c/livox_ros_driver2/msg/custom_msg__type_support.cpp.o[0m
[6.331s] [ 33%] [32mBuilding C object CMakeFiles/livox_interfaces2__rosidl_typesupport_introspection_c.dir/rosidl_typesupport_introspection_c/livox_ros_driver2/msg/detail/custom_point__type_support.c.o[0m
[6.362s] [ 35%] [32mBuilding CXX object CMakeFiles/livox_interfaces2__rosidl_typesupport_fastrtps_c.dir/rosidl_typesupport_fastrtps_c/livox_ros_driver2/msg/detail/custom_point__type_support_c.cpp.o[0m
[6.394s] [ 36%] [32m[1mLinking CXX shared library liblivox_ros_driver2__rosidl_typesupport_c.so[0m
[6.394s] [ 38%] [32mBuilding C object CMakeFiles/livox_interfaces2__rosidl_typesupport_introspection_c.dir/rosidl_typesupport_introspection_c/livox_ros_driver2/msg/detail/custom_msg__type_support.c.o[0m
[6.439s] [ 40%] [32mBuilding CXX object CMakeFiles/livox_interfaces2__rosidl_typesupport_cpp.dir/rosidl_typesupport_cpp/livox_ros_driver2/msg/custom_msg__type_support.cpp.o[0m
[6.464s] [ 42%] [32m[1mLinking C shared library liblivox_ros_driver2__rosidl_typesupport_introspection_c.so[0m
[6.474s] [ 42%] Built target livox_interfaces2__rosidl_typesupport_c
[6.501s] [ 43%] [32mBuilding CXX object CMakeFiles/livox_interfaces2__rosidl_typesupport_fastrtps_cpp.dir/rosidl_typesupport_fastrtps_cpp/livox_ros_driver2/msg/detail/dds_fastrtps/custom_msg__type_support.cpp.o[0m
[6.527s] [ 43%] Built target livox_interfaces2__rosidl_typesupport_introspection_c
[6.531s] [ 45%] [32mBuilding CXX object CMakeFiles/livox_interfaces2__rosidl_typesupport_fastrtps_c.dir/rosidl_typesupport_fastrtps_c/livox_ros_driver2/msg/detail/custom_msg__type_support_c.cpp.o[0m
[6.625s] [ 47%] [32m[1mLinking CXX shared library liblivox_ros_driver2__rosidl_typesupport_introspection_cpp.so[0m
[6.735s] [ 49%] [32m[1mLinking CXX shared library liblivox_ros_driver2__rosidl_typesupport_cpp.so[0m
[6.772s] [ 49%] Built target livox_interfaces2__rosidl_typesupport_introspection_cpp
[6.798s] [ 49%] Built target livox_interfaces2__rosidl_typesupport_cpp
[6.838s] [ 50%] [32mBuilding CXX object CMakeFiles/livox_ros_driver2.dir/src/livox_ros_driver2.cpp.o[0m
[6.838s] [ 52%] [32mBuilding CXX object CMakeFiles/livox_ros_driver2.dir/src/lddc.cpp.o[0m
[6.840s] [ 54%] [32mBuilding CXX object CMakeFiles/livox_ros_driver2.dir/src/lds.cpp.o[0m
[6.840s] [ 56%] [32mBuilding CXX object CMakeFiles/livox_ros_driver2.dir/src/driver_node.cpp.o[0m
[6.871s] [ 57%] [32mBuilding CXX object CMakeFiles/livox_ros_driver2.dir/src/lds_lidar.cpp.o[0m
[6.964s] [ 59%] [32m[1mLinking CXX shared library liblivox_ros_driver2__rosidl_typesupport_fastrtps_c.so[0m
[7.049s] [ 61%] [32m[1mLinking CXX shared library liblivox_ros_driver2__rosidl_typesupport_fastrtps_cpp.so[0m
[7.098s] [ 61%] Built target livox_interfaces2__rosidl_typesupport_fastrtps_c
[7.118s] [ 63%] [32mBuilding CXX object CMakeFiles/livox_ros_driver2.dir/src/comm/comm.cpp.o[0m
[7.183s] [ 63%] Built target livox_interfaces2__rosidl_typesupport_fastrtps_cpp
[7.208s] [ 64%] [32mBuilding CXX object CMakeFiles/livox_ros_driver2.dir/src/comm/ldq.cpp.o[0m
[7.986s] [ 64%] Built target livox_interfaces2
[8.005s] [ 66%] [32mBuilding CXX object CMakeFiles/livox_ros_driver2.dir/src/comm/semaphore.cpp.o[0m
[8.097s] [ 68%] [34m[1mGenerating Python code for ROS interfaces[0m
[8.120s] [ 70%] [32mBuilding CXX object CMakeFiles/livox_ros_driver2.dir/src/comm/lidar_imu_data_queue.cpp.o[0m
[8.396s] [ 71%] [32mBuilding CXX object CMakeFiles/livox_ros_driver2.dir/src/comm/cache_index.cpp.o[0m
[8.530s] [ 73%] [32mBuilding CXX object CMakeFiles/livox_ros_driver2.dir/src/comm/pub_handler.cpp.o[0m
[8.634s] [ 75%] [32mBuilding CXX object CMakeFiles/livox_ros_driver2.dir/src/parse_cfg_file/parse_cfg_file.cpp.o[0m
[9.371s] [ 77%] [32m[1mLinking CXX executable livox_ros_driver2_node[0m
[9.430s] [ 77%] Built target livox_interfaces2__py
[9.447s] [ 78%] [32mBuilding CXX object CMakeFiles/livox_ros_driver2.dir/src/parse_cfg_file/parse_livox_lidar_cfg.cpp.o[0m
[9.474s] [ 80%] [32mBuilding CXX object CMakeFiles/livox_ros_driver2.dir/src/call_back/lidar_common_callback.cpp.o[0m
[9.593s] [ 80%] Built target livox_ros_driver2_node
[9.615s] [ 82%] [32mBuilding CXX object CMakeFiles/livox_ros_driver2.dir/src/call_back/livox_lidar_callback.cpp.o[0m
[9.934s] [ 84%] [32mBuilding C object CMakeFiles/livox_interfaces2__rosidl_generator_py.dir/rosidl_generator_py/livox_ros_driver2/msg/_custom_point_s.c.o[0m
[10.122s] [ 85%] [32mBuilding C object CMakeFiles/livox_interfaces2__rosidl_generator_py.dir/rosidl_generator_py/livox_ros_driver2/msg/_custom_msg_s.c.o[0m
[10.344s] [ 87%] [32m[1mLinking C shared library rosidl_generator_py/livox_ros_driver2/liblivox_interfaces2__rosidl_generator_py.so[0m
[10.452s] [ 87%] Built target livox_interfaces2__rosidl_generator_py
[10.509s] [ 89%] [32mBuilding C object CMakeFiles/livox_ros_driver2__rosidl_typesupport_fastrtps_c__pyext.dir/rosidl_generator_py/livox_ros_driver2/_livox_ros_driver2_s.ep.rosidl_typesupport_fastrtps_c.c.o[0m
[10.583s] [ 91%] [32mBuilding C object CMakeFiles/livox_ros_driver2__rosidl_typesupport_introspection_c__pyext.dir/rosidl_generator_py/livox_ros_driver2/_livox_ros_driver2_s.ep.rosidl_typesupport_introspection_c.c.o[0m
[10.616s] [ 92%] [32mBuilding C object CMakeFiles/livox_ros_driver2__rosidl_typesupport_c__pyext.dir/rosidl_generator_py/livox_ros_driver2/_livox_ros_driver2_s.ep.rosidl_typesupport_c.c.o[0m
[10.684s] [ 94%] [32m[1mLinking C shared library rosidl_generator_py/livox_ros_driver2/livox_ros_driver2_s__rosidl_typesupport_fastrtps_c.cpython-310-x86_64-linux-gnu.so[0m
[10.760s] [ 96%] [32m[1mLinking C shared library rosidl_generator_py/livox_ros_driver2/livox_ros_driver2_s__rosidl_typesupport_introspection_c.cpython-310-x86_64-linux-gnu.so[0m
[10.760s] [ 96%] Built target livox_ros_driver2__rosidl_typesupport_fastrtps_c__pyext
[10.772s] [ 98%] [32m[1mLinking C shared library rosidl_generator_py/livox_ros_driver2/livox_ros_driver2_s__rosidl_typesupport_c.cpython-310-x86_64-linux-gnu.so[0m
[10.826s] [ 98%] Built target livox_ros_driver2__rosidl_typesupport_introspection_c__pyext
[10.837s] [ 98%] Built target livox_ros_driver2__rosidl_typesupport_c__pyext
[15.580s] [100%] [32m[1mLinking CXX shared library liblivox_ros_driver2.so[0m
[16.286s] [100%] Built target livox_ros_driver2
[16.302s] Invoked command in '/root/nav2_ws/src/ws_livox/build/livox_ros_driver2' returned '0': CMAKE_PREFIX_PATH=${CMAKE_PREFIX_PATH}:/root/nav2_ws/install/sensor_launcher:/root/nav2_ws/install/nav2_simple_commander:/root/nav2_ws/install/nav2_odom_to_tf:/opt/ros/humble /usr/bin/cmake --build /root/nav2_ws/src/ws_livox/build/livox_ros_driver2 -- -j8 -l8
[16.314s] Invoking command in '/root/nav2_ws/src/ws_livox/build/livox_ros_driver2': CMAKE_PREFIX_PATH=${CMAKE_PREFIX_PATH}:/root/nav2_ws/install/sensor_launcher:/root/nav2_ws/install/nav2_simple_commander:/root/nav2_ws/install/nav2_odom_to_tf:/opt/ros/humble /usr/bin/cmake --install /root/nav2_ws/src/ws_livox/build/livox_ros_driver2
[16.324s] -- Install configuration: ""
[16.324s] -- Installing: /root/nav2_ws/src/ws_livox/install/livox_ros_driver2/share/ament_index/resource_index/rosidl_interfaces/livox_ros_driver2
[16.324s] -- Installing: /root/nav2_ws/src/ws_livox/install/livox_ros_driver2/include/livox_ros_driver2/livox_ros_driver2
[16.324s] -- Installing: /root/nav2_ws/src/ws_livox/install/livox_ros_driver2/include/livox_ros_driver2/livox_ros_driver2/msg
[16.324s] -- Installing: /root/nav2_ws/src/ws_livox/install/livox_ros_driver2/include/livox_ros_driver2/livox_ros_driver2/msg/custom_point.h
[16.324s] -- Installing: /root/nav2_ws/src/ws_livox/install/livox_ros_driver2/include/livox_ros_driver2/livox_ros_driver2/msg/rosidl_generator_c__visibility_control.h
[16.324s] -- Installing: /root/nav2_ws/src/ws_livox/install/livox_ros_driver2/include/livox_ros_driver2/livox_ros_driver2/msg/detail
[16.325s] -- Installing: /root/nav2_ws/src/ws_livox/install/livox_ros_driver2/include/livox_ros_driver2/livox_ros_driver2/msg/detail/custom_point__struct.h
[16.325s] -- Installing: /root/nav2_ws/src/ws_livox/install/livox_ros_driver2/include/livox_ros_driver2/livox_ros_driver2/msg/detail/custom_msg__struct.h
[16.325s] -- Installing: /root/nav2_ws/src/ws_livox/install/livox_ros_driver2/include/livox_ros_driver2/livox_ros_driver2/msg/detail/custom_point__functions.h
[16.325s] -- Installing: /root/nav2_ws/src/ws_livox/install/livox_ros_driver2/include/livox_ros_driver2/livox_ros_driver2/msg/detail/custom_msg__functions.h
[16.325s] -- Installing: /root/nav2_ws/src/ws_livox/install/livox_ros_driver2/include/livox_ros_driver2/livox_ros_driver2/msg/detail/custom_point__type_support.h
[16.325s] -- Installing: /root/nav2_ws/src/ws_livox/install/livox_ros_driver2/include/livox_ros_driver2/livox_ros_driver2/msg/detail/custom_msg__type_support.h
[16.325s] -- Installing: /root/nav2_ws/src/ws_livox/install/livox_ros_driver2/include/livox_ros_driver2/livox_ros_driver2/msg/detail/custom_msg__functions.c
[16.325s] -- Installing: /root/nav2_ws/src/ws_livox/install/livox_ros_driver2/include/livox_ros_driver2/livox_ros_driver2/msg/detail/custom_point__functions.c
[16.325s] -- Installing: /root/nav2_ws/src/ws_livox/install/livox_ros_driver2/include/livox_ros_driver2/livox_ros_driver2/msg/custom_msg.h
[16.325s] -- Installing: /root/nav2_ws/src/ws_livox/install/livox_ros_driver2/share/livox_ros_driver2/environment/library_path.sh
[16.326s] -- Installing: /root/nav2_ws/src/ws_livox/install/livox_ros_driver2/share/livox_ros_driver2/environment/library_path.dsv
[16.326s] -- Installing: /root/nav2_ws/src/ws_livox/install/livox_ros_driver2/lib/liblivox_ros_driver2__rosidl_generator_c.so
[16.326s] -- Set runtime path of "/root/nav2_ws/src/ws_livox/install/livox_ros_driver2/lib/liblivox_ros_driver2__rosidl_generator_c.so" to ""
[16.326s] -- Up-to-date: /root/nav2_ws/src/ws_livox/install/livox_ros_driver2/include/livox_ros_driver2/livox_ros_driver2
[16.326s] -- Up-to-date: /root/nav2_ws/src/ws_livox/install/livox_ros_driver2/include/livox_ros_driver2/livox_ros_driver2/msg
[16.326s] -- Up-to-date: /root/nav2_ws/src/ws_livox/install/livox_ros_driver2/include/livox_ros_driver2/livox_ros_driver2/msg/detail
[16.326s] -- Installing: /root/nav2_ws/src/ws_livox/install/livox_ros_driver2/include/livox_ros_driver2/livox_ros_driver2/msg/detail/custom_point__rosidl_typesupport_fastrtps_c.h
[16.326s] -- Installing: /root/nav2_ws/src/ws_livox/install/livox_ros_driver2/include/livox_ros_driver2/livox_ros_driver2/msg/detail/custom_msg__rosidl_typesupport_fastrtps_c.h
[16.326s] -- Installing: /root/nav2_ws/src/ws_livox/install/livox_ros_driver2/include/livox_ros_driver2/livox_ros_driver2/msg/rosidl_typesupport_fastrtps_c__visibility_control.h
[16.327s] -- Installing: /root/nav2_ws/src/ws_livox/install/livox_ros_driver2/lib/liblivox_ros_driver2__rosidl_typesupport_fastrtps_c.so
[16.327s] -- Set runtime path of "/root/nav2_ws/src/ws_livox/install/livox_ros_driver2/lib/liblivox_ros_driver2__rosidl_typesupport_fastrtps_c.so" to ""
[16.327s] -- Up-to-date: /root/nav2_ws/src/ws_livox/install/livox_ros_driver2/include/livox_ros_driver2/livox_ros_driver2
[16.327s] -- Up-to-date: /root/nav2_ws/src/ws_livox/install/livox_ros_driver2/include/livox_ros_driver2/livox_ros_driver2/msg
[16.327s] -- Up-to-date: /root/nav2_ws/src/ws_livox/install/livox_ros_driver2/include/livox_ros_driver2/livox_ros_driver2/msg/detail
[16.327s] -- Installing: /root/nav2_ws/src/ws_livox/install/livox_ros_driver2/include/livox_ros_driver2/livox_ros_driver2/msg/detail/custom_msg__rosidl_typesupport_introspection_c.h
[16.327s] -- Installing: /root/nav2_ws/src/ws_livox/install/livox_ros_driver2/include/livox_ros_driver2/livox_ros_driver2/msg/detail/custom_msg__type_support.c
[16.327s] -- Installing: /root/nav2_ws/src/ws_livox/install/livox_ros_driver2/include/livox_ros_driver2/livox_ros_driver2/msg/detail/custom_point__rosidl_typesupport_introspection_c.h
[16.327s] -- Installing: /root/nav2_ws/src/ws_livox/install/livox_ros_driver2/include/livox_ros_driver2/livox_ros_driver2/msg/detail/custom_point__type_support.c
[16.327s] -- Installing: /root/nav2_ws/src/ws_livox/install/livox_ros_driver2/include/livox_ros_driver2/livox_ros_driver2/msg/rosidl_typesupport_introspection_c__visibility_control.h
[16.328s] -- Installing: /root/nav2_ws/src/ws_livox/install/livox_ros_driver2/lib/liblivox_ros_driver2__rosidl_typesupport_introspection_c.so
[16.328s] -- Set runtime path of "/root/nav2_ws/src/ws_livox/install/livox_ros_driver2/lib/liblivox_ros_driver2__rosidl_typesupport_introspection_c.so" to ""
[16.328s] -- Installing: /root/nav2_ws/src/ws_livox/install/livox_ros_driver2/lib/liblivox_ros_driver2__rosidl_typesupport_c.so
[16.328s] -- Set runtime path of "/root/nav2_ws/src/ws_livox/install/livox_ros_driver2/lib/liblivox_ros_driver2__rosidl_typesupport_c.so" to ""
[16.328s] -- Up-to-date: /root/nav2_ws/src/ws_livox/install/livox_ros_driver2/include/livox_ros_driver2/livox_ros_driver2
[16.328s] -- Up-to-date: /root/nav2_ws/src/ws_livox/install/livox_ros_driver2/include/livox_ros_driver2/livox_ros_driver2/msg
[16.328s] -- Installing: /root/nav2_ws/src/ws_livox/install/livox_ros_driver2/include/livox_ros_driver2/livox_ros_driver2/msg/custom_msg.hpp
[16.328s] -- Installing: /root/nav2_ws/src/ws_livox/install/livox_ros_driver2/include/livox_ros_driver2/livox_ros_driver2/msg/custom_point.hpp
[16.328s] -- Installing: /root/nav2_ws/src/ws_livox/install/livox_ros_driver2/include/livox_ros_driver2/livox_ros_driver2/msg/rosidl_generator_cpp__visibility_control.hpp
[16.328s] -- Up-to-date: /root/nav2_ws/src/ws_livox/install/livox_ros_driver2/include/livox_ros_driver2/livox_ros_driver2/msg/detail
[16.329s] -- Installing: /root/nav2_ws/src/ws_livox/install/livox_ros_driver2/include/livox_ros_driver2/livox_ros_driver2/msg/detail/custom_msg__struct.hpp
[16.329s] -- Installing: /root/nav2_ws/src/ws_livox/install/livox_ros_driver2/include/livox_ros_driver2/livox_ros_driver2/msg/detail/custom_point__struct.hpp
[16.329s] -- Installing: /root/nav2_ws/src/ws_livox/install/livox_ros_driver2/include/livox_ros_driver2/livox_ros_driver2/msg/detail/custom_msg__builder.hpp
[16.329s] -- Installing: /root/nav2_ws/src/ws_livox/install/livox_ros_driver2/include/livox_ros_driver2/livox_ros_driver2/msg/detail/custom_point__traits.hpp
[16.329s] -- Installing: /root/nav2_ws/src/ws_livox/install/livox_ros_driver2/include/livox_ros_driver2/livox_ros_driver2/msg/detail/custom_point__type_support.hpp
[16.329s] -- Installing: /root/nav2_ws/src/ws_livox/install/livox_ros_driver2/include/livox_ros_driver2/livox_ros_driver2/msg/detail/custom_point__builder.hpp
[16.329s] -- Installing: /root/nav2_ws/src/ws_livox/install/livox_ros_driver2/include/livox_ros_driver2/livox_ros_driver2/msg/detail/custom_msg__type_support.hpp
[16.329s] -- Installing: /root/nav2_ws/src/ws_livox/install/livox_ros_driver2/include/livox_ros_driver2/livox_ros_driver2/msg/detail/custom_msg__traits.hpp
[16.329s] -- Up-to-date: /root/nav2_ws/src/ws_livox/install/livox_ros_driver2/include/livox_ros_driver2/livox_ros_driver2
[16.329s] -- Up-to-date: /root/nav2_ws/src/ws_livox/install/livox_ros_driver2/include/livox_ros_driver2/livox_ros_driver2/msg
[16.329s] -- Up-to-date: /root/nav2_ws/src/ws_livox/install/livox_ros_driver2/include/livox_ros_driver2/livox_ros_driver2/msg/detail
[16.329s] -- Installing: /root/nav2_ws/src/ws_livox/install/livox_ros_driver2/include/livox_ros_driver2/livox_ros_driver2/msg/detail/custom_point__rosidl_typesupport_fastrtps_cpp.hpp
[16.330s] -- Installing: /root/nav2_ws/src/ws_livox/install/livox_ros_driver2/include/livox_ros_driver2/livox_ros_driver2/msg/detail/dds_fastrtps
[16.330s] -- Installing: /root/nav2_ws/src/ws_livox/install/livox_ros_driver2/include/livox_ros_driver2/livox_ros_driver2/msg/detail/custom_msg__rosidl_typesupport_fastrtps_cpp.hpp
[16.330s] -- Installing: /root/nav2_ws/src/ws_livox/install/livox_ros_driver2/include/livox_ros_driver2/livox_ros_driver2/msg/rosidl_typesupport_fastrtps_cpp__visibility_control.h
[16.330s] -- Installing: /root/nav2_ws/src/ws_livox/install/livox_ros_driver2/lib/liblivox_ros_driver2__rosidl_typesupport_fastrtps_cpp.so
[16.330s] -- Set runtime path of "/root/nav2_ws/src/ws_livox/install/livox_ros_driver2/lib/liblivox_ros_driver2__rosidl_typesupport_fastrtps_cpp.so" to ""
[16.330s] -- Up-to-date: /root/nav2_ws/src/ws_livox/install/livox_ros_driver2/include/livox_ros_driver2/livox_ros_driver2
[16.330s] -- Up-to-date: /root/nav2_ws/src/ws_livox/install/livox_ros_driver2/include/livox_ros_driver2/livox_ros_driver2/msg
[16.330s] -- Up-to-date: /root/nav2_ws/src/ws_livox/install/livox_ros_driver2/include/livox_ros_driver2/livox_ros_driver2/msg/detail
[16.330s] -- Installing: /root/nav2_ws/src/ws_livox/install/livox_ros_driver2/include/livox_ros_driver2/livox_ros_driver2/msg/detail/custom_point__rosidl_typesupport_introspection_cpp.hpp
[16.330s] -- Installing: /root/nav2_ws/src/ws_livox/install/livox_ros_driver2/include/livox_ros_driver2/livox_ros_driver2/msg/detail/custom_msg__type_support.cpp
[16.331s] -- Installing: /root/nav2_ws/src/ws_livox/install/livox_ros_driver2/include/livox_ros_driver2/livox_ros_driver2/msg/detail/custom_point__type_support.cpp
[16.331s] -- Installing: /root/nav2_ws/src/ws_livox/install/livox_ros_driver2/include/livox_ros_driver2/livox_ros_driver2/msg/detail/custom_msg__rosidl_typesupport_introspection_cpp.hpp
[16.331s] -- Installing: /root/nav2_ws/src/ws_livox/install/livox_ros_driver2/lib/liblivox_ros_driver2__rosidl_typesupport_introspection_cpp.so
[16.331s] -- Set runtime path of "/root/nav2_ws/src/ws_livox/install/livox_ros_driver2/lib/liblivox_ros_driver2__rosidl_typesupport_introspection_cpp.so" to ""
[16.331s] -- Installing: /root/nav2_ws/src/ws_livox/install/livox_ros_driver2/lib/liblivox_ros_driver2__rosidl_typesupport_cpp.so
[16.331s] -- Set runtime path of "/root/nav2_ws/src/ws_livox/install/livox_ros_driver2/lib/liblivox_ros_driver2__rosidl_typesupport_cpp.so" to ""
[16.331s] -- Installing: /root/nav2_ws/src/ws_livox/install/livox_ros_driver2/share/livox_ros_driver2/environment/pythonpath.sh
[16.332s] -- Installing: /root/nav2_ws/src/ws_livox/install/livox_ros_driver2/share/livox_ros_driver2/environment/pythonpath.dsv
[16.332s] -- Installing: /root/nav2_ws/src/ws_livox/install/livox_ros_driver2/local/lib/python3.10/dist-packages/livox_ros_driver2-1.0.0-py3.10.egg-info
[16.332s] -- Installing: /root/nav2_ws/src/ws_livox/install/livox_ros_driver2/local/lib/python3.10/dist-packages/livox_ros_driver2-1.0.0-py3.10.egg-info/dependency_links.txt
[16.332s] -- Installing: /root/nav2_ws/src/ws_livox/install/livox_ros_driver2/local/lib/python3.10/dist-packages/livox_ros_driver2-1.0.0-py3.10.egg-info/top_level.txt
[16.332s] -- Installing: /root/nav2_ws/src/ws_livox/install/livox_ros_driver2/local/lib/python3.10/dist-packages/livox_ros_driver2-1.0.0-py3.10.egg-info/PKG-INFO
[16.332s] -- Installing: /root/nav2_ws/src/ws_livox/install/livox_ros_driver2/local/lib/python3.10/dist-packages/livox_ros_driver2-1.0.0-py3.10.egg-info/SOURCES.txt
[16.332s] -- Installing: /root/nav2_ws/src/ws_livox/install/livox_ros_driver2/local/lib/python3.10/dist-packages/livox_ros_driver2
[16.332s] -- Installing: /root/nav2_ws/src/ws_livox/install/livox_ros_driver2/local/lib/python3.10/dist-packages/livox_ros_driver2/livox_ros_driver2_s__rosidl_typesupport_introspection_c.cpython-310-x86_64-linux-gnu.so
[16.332s] -- Installing: /root/nav2_ws/src/ws_livox/install/livox_ros_driver2/local/lib/python3.10/dist-packages/livox_ros_driver2/liblivox_interfaces2__rosidl_generator_py.so
[16.332s] -- Installing: /root/nav2_ws/src/ws_livox/install/livox_ros_driver2/local/lib/python3.10/dist-packages/livox_ros_driver2/msg
[16.332s] -- Installing: /root/nav2_ws/src/ws_livox/install/livox_ros_driver2/local/lib/python3.10/dist-packages/livox_ros_driver2/msg/__init__.py
[16.333s] -- Installing: /root/nav2_ws/src/ws_livox/install/livox_ros_driver2/local/lib/python3.10/dist-packages/livox_ros_driver2/msg/_custom_point_s.c
[16.333s] -- Installing: /root/nav2_ws/src/ws_livox/install/livox_ros_driver2/local/lib/python3.10/dist-packages/livox_ros_driver2/msg/_custom_point.py
[16.333s] -- Installing: /root/nav2_ws/src/ws_livox/install/livox_ros_driver2/local/lib/python3.10/dist-packages/livox_ros_driver2/msg/_custom_msg.py
[16.333s] -- Installing: /root/nav2_ws/src/ws_livox/install/livox_ros_driver2/local/lib/python3.10/dist-packages/livox_ros_driver2/msg/_custom_msg_s.c
[16.333s] -- Installing: /root/nav2_ws/src/ws_livox/install/livox_ros_driver2/local/lib/python3.10/dist-packages/livox_ros_driver2/livox_ros_driver2_s__rosidl_typesupport_c.cpython-310-x86_64-linux-gnu.so
[16.333s] -- Installing: /root/nav2_ws/src/ws_livox/install/livox_ros_driver2/local/lib/python3.10/dist-packages/livox_ros_driver2/__init__.py
[16.333s] -- Installing: /root/nav2_ws/src/ws_livox/install/livox_ros_driver2/local/lib/python3.10/dist-packages/livox_ros_driver2/_livox_ros_driver2_s.ep.rosidl_typesupport_introspection_c.c
[16.333s] -- Installing: /root/nav2_ws/src/ws_livox/install/livox_ros_driver2/local/lib/python3.10/dist-packages/livox_ros_driver2/_livox_ros_driver2_s.ep.rosidl_typesupport_c.c
[16.333s] -- Installing: /root/nav2_ws/src/ws_livox/install/livox_ros_driver2/local/lib/python3.10/dist-packages/livox_ros_driver2/livox_ros_driver2_s__rosidl_typesupport_fastrtps_c.cpython-310-x86_64-linux-gnu.so
[16.333s] -- Installing: /root/nav2_ws/src/ws_livox/install/livox_ros_driver2/local/lib/python3.10/dist-packages/livox_ros_driver2/_livox_ros_driver2_s.ep.rosidl_typesupport_fastrtps_c.c
[16.375s] Listing '/root/nav2_ws/src/ws_livox/install/livox_ros_driver2/local/lib/python3.10/dist-packages/livox_ros_driver2'...
[16.375s] Compiling '/root/nav2_ws/src/ws_livox/install/livox_ros_driver2/local/lib/python3.10/dist-packages/livox_ros_driver2/__init__.py'...
[16.376s] Listing '/root/nav2_ws/src/ws_livox/install/livox_ros_driver2/local/lib/python3.10/dist-packages/livox_ros_driver2/msg'...
[16.376s] Compiling '/root/nav2_ws/src/ws_livox/install/livox_ros_driver2/local/lib/python3.10/dist-packages/livox_ros_driver2/msg/__init__.py'...
[16.376s] Compiling '/root/nav2_ws/src/ws_livox/install/livox_ros_driver2/local/lib/python3.10/dist-packages/livox_ros_driver2/msg/_custom_msg.py'...
[16.376s] Compiling '/root/nav2_ws/src/ws_livox/install/livox_ros_driver2/local/lib/python3.10/dist-packages/livox_ros_driver2/msg/_custom_point.py'...
[16.380s] -- Installing: /root/nav2_ws/src/ws_livox/install/livox_ros_driver2/local/lib/python3.10/dist-packages/livox_ros_driver2/livox_ros_driver2_s__rosidl_typesupport_fastrtps_c.cpython-310-x86_64-linux-gnu.so
[16.380s] -- Set runtime path of "/root/nav2_ws/src/ws_livox/install/livox_ros_driver2/local/lib/python3.10/dist-packages/livox_ros_driver2/livox_ros_driver2_s__rosidl_typesupport_fastrtps_c.cpython-310-x86_64-linux-gnu.so" to ""
[16.380s] -- Installing: /root/nav2_ws/src/ws_livox/install/livox_ros_driver2/local/lib/python3.10/dist-packages/livox_ros_driver2/livox_ros_driver2_s__rosidl_typesupport_introspection_c.cpython-310-x86_64-linux-gnu.so
[16.381s] -- Set runtime path of "/root/nav2_ws/src/ws_livox/install/livox_ros_driver2/local/lib/python3.10/dist-packages/livox_ros_driver2/livox_ros_driver2_s__rosidl_typesupport_introspection_c.cpython-310-x86_64-linux-gnu.so" to ""
[16.381s] -- Installing: /root/nav2_ws/src/ws_livox/install/livox_ros_driver2/local/lib/python3.10/dist-packages/livox_ros_driver2/livox_ros_driver2_s__rosidl_typesupport_c.cpython-310-x86_64-linux-gnu.so
[16.381s] -- Set runtime path of "/root/nav2_ws/src/ws_livox/install/livox_ros_driver2/local/lib/python3.10/dist-packages/livox_ros_driver2/livox_ros_driver2_s__rosidl_typesupport_c.cpython-310-x86_64-linux-gnu.so" to ""
[16.381s] -- Installing: /root/nav2_ws/src/ws_livox/install/livox_ros_driver2/lib/liblivox_interfaces2__rosidl_generator_py.so
[16.381s] -- Set runtime path of "/root/nav2_ws/src/ws_livox/install/livox_ros_driver2/lib/liblivox_interfaces2__rosidl_generator_py.so" to ""
[16.381s] -- Installing: /root/nav2_ws/src/ws_livox/install/livox_ros_driver2/share/livox_ros_driver2/msg/CustomPoint.idl
[16.382s] -- Installing: /root/nav2_ws/src/ws_livox/install/livox_ros_driver2/share/livox_ros_driver2/msg/CustomMsg.idl
[16.382s] -- Installing: /root/nav2_ws/src/ws_livox/install/livox_ros_driver2/share/livox_ros_driver2/msg/CustomPoint.msg
[16.382s] -- Installing: /root/nav2_ws/src/ws_livox/install/livox_ros_driver2/share/livox_ros_driver2/msg/CustomMsg.msg
[16.382s] -- Installing: /root/nav2_ws/src/ws_livox/install/livox_ros_driver2/lib/livox_ros_driver2/livox_ros_driver2_node
[16.382s] -- Set runtime path of "/root/nav2_ws/src/ws_livox/install/livox_ros_driver2/lib/livox_ros_driver2/livox_ros_driver2_node" to ""
[16.382s] -- Installing: /root/nav2_ws/src/ws_livox/install/livox_ros_driver2/lib/liblivox_ros_driver2.so
[16.386s] -- Set runtime path of "/root/nav2_ws/src/ws_livox/install/livox_ros_driver2/lib/liblivox_ros_driver2.so" to ""
[16.386s] -- Installing: /root/nav2_ws/src/ws_livox/install/livox_ros_driver2/share/livox_ros_driver2/config
[16.386s] -- Installing: /root/nav2_ws/src/ws_livox/install/livox_ros_driver2/share/livox_ros_driver2/config/display_point_cloud_ROS1.rviz
[16.386s] -- Installing: /root/nav2_ws/src/ws_livox/install/livox_ros_driver2/share/livox_ros_driver2/config/display_point_cloud_ROS2.rviz
[16.386s] -- Installing: /root/nav2_ws/src/ws_livox/install/livox_ros_driver2/share/livox_ros_driver2/config/MID360_config.json
[16.386s] -- Installing: /root/nav2_ws/src/ws_livox/install/livox_ros_driver2/share/livox_ros_driver2/config/mixed_HAP_MID360_config.json
[16.386s] -- Installing: /root/nav2_ws/src/ws_livox/install/livox_ros_driver2/share/livox_ros_driver2/config/HAP_config.json
[16.387s] -- Installing: /root/nav2_ws/src/ws_livox/install/livox_ros_driver2/share/livox_ros_driver2/launch_ROS2
[16.387s] -- Installing: /root/nav2_ws/src/ws_livox/install/livox_ros_driver2/share/livox_ros_driver2/launch_ROS2/rviz_MID360_launch.py
[16.387s] -- Installing: /root/nav2_ws/src/ws_livox/install/livox_ros_driver2/share/livox_ros_driver2/launch_ROS2/rviz_mixed.py
[16.387s] -- Installing: /root/nav2_ws/src/ws_livox/install/livox_ros_driver2/share/livox_ros_driver2/launch_ROS2/rviz_HAP_launch.py
[16.387s] -- Installing: /root/nav2_ws/src/ws_livox/install/livox_ros_driver2/share/livox_ros_driver2/launch_ROS2/msg_MID360_launch.py
[16.387s] -- Installing: /root/nav2_ws/src/ws_livox/install/livox_ros_driver2/share/livox_ros_driver2/launch_ROS2/msg_HAP_launch.py
[16.388s] -- Installing: /root/nav2_ws/src/ws_livox/install/livox_ros_driver2/share/ament_index/resource_index/package_run_dependencies/livox_ros_driver2
[16.388s] -- Installing: /root/nav2_ws/src/ws_livox/install/livox_ros_driver2/share/ament_index/resource_index/parent_prefix_path/livox_ros_driver2
[16.388s] -- Installing: /root/nav2_ws/src/ws_livox/install/livox_ros_driver2/share/livox_ros_driver2/environment/ament_prefix_path.sh
[16.388s] -- Installing: /root/nav2_ws/src/ws_livox/install/livox_ros_driver2/share/livox_ros_driver2/environment/ament_prefix_path.dsv
[16.388s] -- Installing: /root/nav2_ws/src/ws_livox/install/livox_ros_driver2/share/livox_ros_driver2/environment/path.sh
[16.388s] -- Installing: /root/nav2_ws/src/ws_livox/install/livox_ros_driver2/share/livox_ros_driver2/environment/path.dsv
[16.389s] -- Installing: /root/nav2_ws/src/ws_livox/install/livox_ros_driver2/share/livox_ros_driver2/local_setup.bash
[16.389s] -- Installing: /root/nav2_ws/src/ws_livox/install/livox_ros_driver2/share/livox_ros_driver2/local_setup.sh
[16.389s] -- Installing: /root/nav2_ws/src/ws_livox/install/livox_ros_driver2/share/livox_ros_driver2/local_setup.zsh
[16.389s] -- Installing: /root/nav2_ws/src/ws_livox/install/livox_ros_driver2/share/livox_ros_driver2/local_setup.dsv
[16.389s] -- Installing: /root/nav2_ws/src/ws_livox/install/livox_ros_driver2/share/livox_ros_driver2/package.dsv
[16.389s] -- Installing: /root/nav2_ws/src/ws_livox/install/livox_ros_driver2/share/ament_index/resource_index/packages/livox_ros_driver2
[16.389s] -- Installing: /root/nav2_ws/src/ws_livox/install/livox_ros_driver2/share/livox_ros_driver2/cmake/export_livox_interfaces2__rosidl_generator_cExport.cmake
[16.389s] -- Installing: /root/nav2_ws/src/ws_livox/install/livox_ros_driver2/share/livox_ros_driver2/cmake/export_livox_interfaces2__rosidl_generator_cExport-noconfig.cmake
[16.389s] -- Installing: /root/nav2_ws/src/ws_livox/install/livox_ros_driver2/share/livox_ros_driver2/cmake/export_livox_interfaces2__rosidl_typesupport_fastrtps_cExport.cmake
[16.389s] -- Installing: /root/nav2_ws/src/ws_livox/install/livox_ros_driver2/share/livox_ros_driver2/cmake/export_livox_interfaces2__rosidl_typesupport_fastrtps_cExport-noconfig.cmake
[16.390s] -- Installing: /root/nav2_ws/src/ws_livox/install/livox_ros_driver2/share/livox_ros_driver2/cmake/livox_interfaces2__rosidl_typesupport_introspection_cExport.cmake
[16.390s] -- Installing: /root/nav2_ws/src/ws_livox/install/livox_ros_driver2/share/livox_ros_driver2/cmake/livox_interfaces2__rosidl_typesupport_introspection_cExport-noconfig.cmake
[16.390s] -- Installing: /root/nav2_ws/src/ws_livox/install/livox_ros_driver2/share/livox_ros_driver2/cmake/livox_interfaces2__rosidl_typesupport_cExport.cmake
[16.390s] -- Installing: /root/nav2_ws/src/ws_livox/install/livox_ros_driver2/share/livox_ros_driver2/cmake/livox_interfaces2__rosidl_typesupport_cExport-noconfig.cmake
[16.390s] -- Installing: /root/nav2_ws/src/ws_livox/install/livox_ros_driver2/share/livox_ros_driver2/cmake/export_livox_interfaces2__rosidl_generator_cppExport.cmake
[16.390s] -- Installing: /root/nav2_ws/src/ws_livox/install/livox_ros_driver2/share/livox_ros_driver2/cmake/export_livox_interfaces2__rosidl_typesupport_fastrtps_cppExport.cmake
[16.390s] -- Installing: /root/nav2_ws/src/ws_livox/install/livox_ros_driver2/share/livox_ros_driver2/cmake/export_livox_interfaces2__rosidl_typesupport_fastrtps_cppExport-noconfig.cmake
[16.390s] -- Installing: /root/nav2_ws/src/ws_livox/install/livox_ros_driver2/share/livox_ros_driver2/cmake/livox_interfaces2__rosidl_typesupport_introspection_cppExport.cmake
[16.390s] -- Installing: /root/nav2_ws/src/ws_livox/install/livox_ros_driver2/share/livox_ros_driver2/cmake/livox_interfaces2__rosidl_typesupport_introspection_cppExport-noconfig.cmake
[16.391s] -- Installing: /root/nav2_ws/src/ws_livox/install/livox_ros_driver2/share/livox_ros_driver2/cmake/livox_interfaces2__rosidl_typesupport_cppExport.cmake
[16.391s] -- Installing: /root/nav2_ws/src/ws_livox/install/livox_ros_driver2/share/livox_ros_driver2/cmake/livox_interfaces2__rosidl_typesupport_cppExport-noconfig.cmake
[16.391s] -- Installing: /root/nav2_ws/src/ws_livox/install/livox_ros_driver2/share/livox_ros_driver2/cmake/export_livox_interfaces2__rosidl_generator_pyExport.cmake
[16.391s] -- Installing: /root/nav2_ws/src/ws_livox/install/livox_ros_driver2/share/livox_ros_driver2/cmake/export_livox_interfaces2__rosidl_generator_pyExport-noconfig.cmake
[16.391s] -- Installing: /root/nav2_ws/src/ws_livox/install/livox_ros_driver2/share/ament_index/resource_index/rclcpp_components/livox_ros_driver2
[16.391s] -- Installing: /root/nav2_ws/src/ws_livox/install/livox_ros_driver2/share/livox_ros_driver2/cmake/rosidl_cmake-extras.cmake
[16.391s] -- Installing: /root/nav2_ws/src/ws_livox/install/livox_ros_driver2/share/livox_ros_driver2/cmake/ament_cmake_export_dependencies-extras.cmake
[16.391s] -- Installing: /root/nav2_ws/src/ws_livox/install/livox_ros_driver2/share/livox_ros_driver2/cmake/ament_cmake_export_include_directories-extras.cmake
[16.391s] -- Installing: /root/nav2_ws/src/ws_livox/install/livox_ros_driver2/share/livox_ros_driver2/cmake/ament_cmake_export_libraries-extras.cmake
[16.392s] -- Installing: /root/nav2_ws/src/ws_livox/install/livox_ros_driver2/share/livox_ros_driver2/cmake/ament_cmake_export_targets-extras.cmake
[16.392s] -- Installing: /root/nav2_ws/src/ws_livox/install/livox_ros_driver2/share/livox_ros_driver2/cmake/rosidl_cmake_export_typesupport_targets-extras.cmake
[16.392s] -- Installing: /root/nav2_ws/src/ws_livox/install/livox_ros_driver2/share/livox_ros_driver2/cmake/rosidl_cmake_export_typesupport_libraries-extras.cmake
[16.392s] -- Installing: /root/nav2_ws/src/ws_livox/install/livox_ros_driver2/share/livox_ros_driver2/cmake/livox_ros_driver2Config.cmake
[16.392s] -- Installing: /root/nav2_ws/src/ws_livox/install/livox_ros_driver2/share/livox_ros_driver2/cmake/livox_ros_driver2Config-version.cmake
[16.392s] -- Installing: /root/nav2_ws/src/ws_livox/install/livox_ros_driver2/share/livox_ros_driver2/package.xml
[16.394s] Invoked command in '/root/nav2_ws/src/ws_livox/build/livox_ros_driver2' returned '0': CMAKE_PREFIX_PATH=${CMAKE_PREFIX_PATH}:/root/nav2_ws/install/sensor_launcher:/root/nav2_ws/install/nav2_simple_commander:/root/nav2_ws/install/nav2_odom_to_tf:/opt/ros/humble /usr/bin/cmake --install /root/nav2_ws/src/ws_livox/build/livox_ros_driver2
